2021-09-03 15:25:03,854 [Worker-0: Loading available Gradle versions] INFO  o.e.b.c.i.u.g.PublishedGradleVersions - Gradle version information cache is out-of-date. Trying to update.
2021-09-03 15:26:14,385 [Worker-2: Loading available Gradle versions] INFO  o.e.b.c.i.u.g.PublishedGradleVersions - Gradle version information cache is up-to-date. Trying to read.
2021-09-03 15:27:46,162 [Worker-2: Loading available Gradle versions] INFO  o.e.b.c.i.u.g.PublishedGradleVersions - Gradle version information cache is up-to-date. Trying to read.
2021-09-03 15:49:23,729 [Worker-8: Loading available Gradle versions] INFO  o.e.b.c.i.u.g.PublishedGradleVersions - Gradle version information cache is up-to-date. Trying to read.
2021-09-03 15:53:31,476 [Worker-8: Loading available Gradle versions] INFO  o.e.b.c.i.u.g.PublishedGradleVersions - Gradle version information cache is up-to-date. Trying to read.
2021-09-03 16:25:18,229 [Worker-12: Creating project "StreamGear.Live"] INFO  o.e.m.c.i.l.LifecycleMappingFactory - Using NULL lifecycle mapping for MavenProject: live.streamgear:StreamGear.Live:0.0.1-SNAPSHOT @ C:\Users\sande\Desktop\Capstone\Claim-Academy-Capstone\StreamGear.Live\pom.xml.
2021-09-03 16:28:57,508 [Worker-14: Import Getting Started Content] INFO  o.e.m.c.i.l.LifecycleMappingFactory - Using org.eclipse.m2e.jdt.JarLifecycleMapping lifecycle mapping for MavenProject: live.streamgear:StreamGearCommon:0.0.1-SNAPSHOT @ C:\Users\sande\Desktop\Capstone\Claim-Academy-Capstone\StreamGear.Live\StreamGearCommon\pom.xml.
2021-09-03 16:28:59,922 [Worker-14: Import Getting Started Content] INFO  o.e.m.j.i.AbstractJavaProjectConfigurator - Adding source folder /StreamGearCommon/src/main/java
2021-09-03 16:28:59,923 [Worker-14: Import Getting Started Content] INFO  o.e.m.j.i.AbstractJavaProjectConfigurator - Adding resource folder /StreamGearCommon/src/main/resources
2021-09-03 16:28:59,927 [Worker-14: Import Getting Started Content] INFO  o.e.m.j.i.AbstractJavaProjectConfigurator - Adding resource folder /StreamGearCommon/src/main/resources
2021-09-03 16:28:59,934 [Worker-14: Import Getting Started Content] INFO  o.e.m.j.i.AbstractJavaProjectConfigurator - Adding source folder /StreamGearCommon/src/test/java
2021-09-03 16:29:00,752 [Worker-14: Import Getting Started Content] INFO  o.e.m.c.i.p.ProjectConfigurationManager - Imported and configured 1 project(s) in 5 sec
2021-09-03 16:29:00,765 [Worker-14: Import Getting Started Content] INFO  o.e.m.c.i.p.ProjectConfigurationManager - Update started
2021-09-03 16:29:01,101 [Worker-14: Import Getting Started Content] INFO  o.e.m.c.i.l.LifecycleMappingFactory - Using org.eclipse.m2e.jdt.JarLifecycleMapping lifecycle mapping for MavenProject: live.streamgear:StreamGearCommon:0.0.1-SNAPSHOT @ C:\Users\sande\Desktop\Capstone\Claim-Academy-Capstone\StreamGear.Live\StreamGearCommon\pom.xml.
2021-09-03 16:29:01,559 [Worker-14: Import Getting Started Content] INFO  o.e.m.j.i.AbstractJavaProjectConfigurator - Adding source folder /StreamGearCommon/src/main/java
2021-09-03 16:29:01,560 [Worker-14: Import Getting Started Content] INFO  o.e.m.j.i.AbstractJavaProjectConfigurator - Adding resource folder /StreamGearCommon/src/main/resources
2021-09-03 16:29:01,561 [Worker-14: Import Getting Started Content] INFO  o.e.m.j.i.AbstractJavaProjectConfigurator - Adding resource folder /StreamGearCommon/src/main/resources
2021-09-03 16:29:01,563 [Worker-14: Import Getting Started Content] INFO  o.e.m.j.i.AbstractJavaProjectConfigurator - Adding source folder /StreamGearCommon/src/test/java
2021-09-03 16:29:01,913 [Worker-14: Import Getting Started Content] INFO  o.e.m.c.i.p.ProjectConfigurationManager - Update completed: 1 sec
2021-09-03 16:29:02,553 [Worker-18: Building] INFO  o.e.m.c.i.embedder.EclipseLogger - Using 'UTF-8' encoding to copy filtered resources.
2021-09-03 16:29:02,553 [Worker-18: Building] INFO  o.e.m.c.i.embedder.EclipseLogger - Using 'UTF-8' encoding to copy filtered properties files.
2021-09-03 16:29:02,557 [Worker-18: Building] INFO  o.e.m.c.i.embedder.EclipseLogger - Copying 1 resource
2021-09-03 16:29:02,569 [Worker-18: Building] INFO  o.e.m.c.i.embedder.EclipseLogger - Copying 0 resource
2021-09-03 16:29:02,571 [Worker-18: Building] INFO  o.e.m.c.i.embedder.EclipseLogger - Using 'UTF-8' encoding to copy filtered resources.
2021-09-03 16:29:02,571 [Worker-18: Building] INFO  o.e.m.c.i.embedder.EclipseLogger - Using 'UTF-8' encoding to copy filtered properties files.
2021-09-03 16:29:02,571 [Worker-18: Building] INFO  o.e.m.c.i.embedder.EclipseLogger - skip non existing resourceDirectory C:\Users\sande\Desktop\Capstone\Claim-Academy-Capstone\StreamGear.Live\StreamGearCommon\src\test\resources
2021-09-03 16:32:31,640 [Worker-19: Building] INFO  o.e.m.c.i.l.LifecycleMappingFactory - Using org.eclipse.m2e.jdt.JarLifecycleMapping lifecycle mapping for MavenProject: live.streamgear:StreamGearCommon:0.0.1-SNAPSHOT @ C:\Users\sande\Desktop\Capstone\Claim-Academy-Capstone\StreamGear.Live\StreamGearCommon\pom.xml.
2021-09-03 16:32:31,953 [Worker-19: Building] INFO  o.e.m.c.i.embedder.EclipseLogger - Using 'UTF-8' encoding to copy filtered resources.
2021-09-03 16:32:31,953 [Worker-19: Building] INFO  o.e.m.c.i.embedder.EclipseLogger - Using 'UTF-8' encoding to copy filtered properties files.
2021-09-03 16:32:31,954 [Worker-19: Building] INFO  o.e.m.c.i.embedder.EclipseLogger - Copying 1 resource
2021-09-03 16:32:31,956 [Worker-19: Building] INFO  o.e.m.c.i.embedder.EclipseLogger - Copying 0 resource
2021-09-03 16:32:31,958 [Worker-19: Building] INFO  o.e.m.c.i.embedder.EclipseLogger - Using 'UTF-8' encoding to copy filtered resources.
2021-09-03 16:32:31,958 [Worker-19: Building] INFO  o.e.m.c.i.embedder.EclipseLogger - Using 'UTF-8' encoding to copy filtered properties files.
2021-09-03 16:32:31,958 [Worker-19: Building] INFO  o.e.m.c.i.embedder.EclipseLogger - skip non existing resourceDirectory C:\Users\sande\Desktop\Capstone\Claim-Academy-Capstone\StreamGear.Live\StreamGearCommon\src\test\resources
2021-09-03 16:32:33,539 [Worker-19: Building] INFO  o.e.m.c.i.embedder.EclipseLogger - Using 'UTF-8' encoding to copy filtered resources.
2021-09-03 16:32:33,539 [Worker-19: Building] INFO  o.e.m.c.i.embedder.EclipseLogger - Using 'UTF-8' encoding to copy filtered properties files.
2021-09-03 16:32:33,543 [Worker-19: Building] INFO  o.e.m.c.i.embedder.EclipseLogger - Copying 1 resource
2021-09-03 16:32:33,554 [Worker-19: Building] INFO  o.e.m.c.i.embedder.EclipseLogger - Copying 0 resource
2021-09-03 16:32:33,556 [Worker-19: Building] INFO  o.e.m.c.i.embedder.EclipseLogger - Using 'UTF-8' encoding to copy filtered resources.
2021-09-03 16:32:33,557 [Worker-19: Building] INFO  o.e.m.c.i.embedder.EclipseLogger - Using 'UTF-8' encoding to copy filtered properties files.
2021-09-03 16:32:33,557 [Worker-19: Building] INFO  o.e.m.c.i.embedder.EclipseLogger - skip non existing resourceDirectory C:\Users\sande\Desktop\Capstone\Claim-Academy-Capstone\StreamGear.Live\StreamGearCommon\src\test\resources
2021-09-03 16:36:23,531 [Worker-25: Import Getting Started Content] INFO  o.e.m.c.i.l.LifecycleMappingFactory - Using org.eclipse.m2e.jdt.JarLifecycleMapping lifecycle mapping for MavenProject: live.streamgear:StreamGear.Common:0.0.1-SNAPSHOT @ C:\Users\sande\Desktop\Capstone\Claim-Academy-Capstone\StreamGear.Live\StreamGear.Common\pom.xml.
2021-09-03 16:36:24,110 [Worker-25: Import Getting Started Content] INFO  o.e.m.j.i.AbstractJavaProjectConfigurator - Adding source folder /StreamGear.Common/src/main/java
2021-09-03 16:36:24,110 [Worker-25: Import Getting Started Content] INFO  o.e.m.j.i.AbstractJavaProjectConfigurator - Adding resource folder /StreamGear.Common/src/main/resources
2021-09-03 16:36:24,114 [Worker-25: Import Getting Started Content] INFO  o.e.m.j.i.AbstractJavaProjectConfigurator - Adding resource folder /StreamGear.Common/src/main/resources
2021-09-03 16:36:24,120 [Worker-25: Import Getting Started Content] INFO  o.e.m.j.i.AbstractJavaProjectConfigurator - Adding source folder /StreamGear.Common/src/test/java
2021-09-03 16:36:24,482 [Worker-25: Import Getting Started Content] INFO  o.e.m.c.i.p.ProjectConfigurationManager - Imported and configured 1 project(s) in 1 sec
2021-09-03 16:36:24,487 [Worker-25: Import Getting Started Content] INFO  o.e.m.c.i.p.ProjectConfigurationManager - Update started
2021-09-03 16:36:24,787 [Worker-25: Import Getting Started Content] INFO  o.e.m.c.i.l.LifecycleMappingFactory - Using org.eclipse.m2e.jdt.JarLifecycleMapping lifecycle mapping for MavenProject: live.streamgear:StreamGear.Common:0.0.1-SNAPSHOT @ C:\Users\sande\Desktop\Capstone\Claim-Academy-Capstone\StreamGear.Live\StreamGear.Common\pom.xml.
2021-09-03 16:36:25,170 [Worker-25: Import Getting Started Content] INFO  o.e.m.j.i.AbstractJavaProjectConfigurator - Adding source folder /StreamGear.Common/src/main/java
2021-09-03 16:36:25,171 [Worker-25: Import Getting Started Content] INFO  o.e.m.j.i.AbstractJavaProjectConfigurator - Adding resource folder /StreamGear.Common/src/main/resources
2021-09-03 16:36:25,171 [Worker-25: Import Getting Started Content] INFO  o.e.m.j.i.AbstractJavaProjectConfigurator - Adding resource folder /StreamGear.Common/src/main/resources
2021-09-03 16:36:25,174 [Worker-25: Import Getting Started Content] INFO  o.e.m.j.i.AbstractJavaProjectConfigurator - Adding source folder /StreamGear.Common/src/test/java
2021-09-03 16:36:25,401 [Worker-25: Import Getting Started Content] INFO  o.e.m.c.i.p.ProjectConfigurationManager - Update completed: 0 sec
2021-09-03 16:36:25,748 [Worker-31: Building] INFO  o.e.m.c.i.embedder.EclipseLogger - Using 'UTF-8' encoding to copy filtered resources.
2021-09-03 16:36:25,748 [Worker-31: Building] INFO  o.e.m.c.i.embedder.EclipseLogger - Using 'UTF-8' encoding to copy filtered properties files.
2021-09-03 16:36:25,748 [Worker-31: Building] INFO  o.e.m.c.i.embedder.EclipseLogger - Copying 1 resource
2021-09-03 16:36:25,761 [Worker-31: Building] INFO  o.e.m.c.i.embedder.EclipseLogger - Copying 0 resource
2021-09-03 16:36:25,764 [Worker-31: Building] INFO  o.e.m.c.i.embedder.EclipseLogger - Using 'UTF-8' encoding to copy filtered resources.
2021-09-03 16:36:25,764 [Worker-31: Building] INFO  o.e.m.c.i.embedder.EclipseLogger - Using 'UTF-8' encoding to copy filtered properties files.
2021-09-03 16:36:25,764 [Worker-31: Building] INFO  o.e.m.c.i.embedder.EclipseLogger - skip non existing resourceDirectory C:\Users\sande\Desktop\Capstone\Claim-Academy-Capstone\StreamGear.Live\StreamGear.Common\src\test\resources
2021-09-03 16:42:51,147 [Worker-32: Building] INFO  o.e.m.c.i.l.LifecycleMappingFactory - Using NULL lifecycle mapping for MavenProject: live.streamgear:StreamGear.Live:0.0.1-SNAPSHOT @ C:\Users\sande\Desktop\Capstone\Claim-Academy-Capstone\StreamGear.Live\pom.xml.
2021-09-03 16:43:58,931 [Worker-33: Building] INFO  o.e.m.c.i.embedder.EclipseLogger - Using 'UTF-8' encoding to copy filtered resources.
2021-09-03 16:43:58,931 [Worker-33: Building] INFO  o.e.m.c.i.embedder.EclipseLogger - Using 'UTF-8' encoding to copy filtered properties files.
2021-09-03 16:43:58,932 [Worker-33: Building] INFO  o.e.m.c.i.embedder.EclipseLogger - Copying 1 resource
2021-09-03 16:43:58,945 [Worker-33: Building] INFO  o.e.m.c.i.embedder.EclipseLogger - Copying 0 resource
2021-09-03 16:43:58,947 [Worker-33: Building] INFO  o.e.m.c.i.embedder.EclipseLogger - Using 'UTF-8' encoding to copy filtered resources.
2021-09-03 16:43:58,947 [Worker-33: Building] INFO  o.e.m.c.i.embedder.EclipseLogger - Using 'UTF-8' encoding to copy filtered properties files.
2021-09-03 16:43:58,947 [Worker-33: Building] INFO  o.e.m.c.i.embedder.EclipseLogger - skip non existing resourceDirectory C:\Users\sande\Desktop\Capstone\Claim-Academy-Capstone\StreamGear.Live\StreamGear.Common\src\test\resources
2021-09-03 16:44:24,040 [Worker-33: Building] INFO  o.e.m.c.i.embedder.EclipseLogger - Using 'UTF-8' encoding to copy filtered resources.
2021-09-03 16:44:24,040 [Worker-33: Building] INFO  o.e.m.c.i.embedder.EclipseLogger - Using 'UTF-8' encoding to copy filtered properties files.
2021-09-03 16:44:24,040 [Worker-33: Building] INFO  o.e.m.c.i.embedder.EclipseLogger - Copying 0 resource
2021-09-03 16:44:24,040 [Worker-33: Building] INFO  o.e.m.c.i.embedder.EclipseLogger - Copying 0 resource
2021-09-03 16:44:24,041 [Worker-33: Building] INFO  o.e.m.c.i.embedder.EclipseLogger - Using 'UTF-8' encoding to copy filtered resources.
2021-09-03 16:44:24,041 [Worker-33: Building] INFO  o.e.m.c.i.embedder.EclipseLogger - Using 'UTF-8' encoding to copy filtered properties files.
2021-09-03 16:44:24,041 [Worker-33: Building] INFO  o.e.m.c.i.embedder.EclipseLogger - skip non existing resourceDirectory C:\Users\sande\Desktop\Capstone\Claim-Academy-Capstone\StreamGear.Live\StreamGear.Common\src\test\resources
2021-09-03 16:44:50,013 [Worker-34: Building] INFO  o.e.m.c.i.l.LifecycleMappingFactory - Using org.eclipse.m2e.jdt.JarLifecycleMapping lifecycle mapping for MavenProject: live.streamgear:StreamGear.Common:0.0.1-SNAPSHOT @ C:\Users\sande\Desktop\Capstone\Claim-Academy-Capstone\StreamGear.Live\StreamGear.Common\pom.xml.
2021-09-03 16:44:50,337 [Worker-34: Building] INFO  o.e.m.c.i.embedder.EclipseLogger - Using 'UTF-8' encoding to copy filtered resources.
2021-09-03 16:44:50,338 [Worker-34: Building] INFO  o.e.m.c.i.embedder.EclipseLogger - Using 'UTF-8' encoding to copy filtered properties files.
2021-09-03 16:44:50,340 [Worker-34: Building] INFO  o.e.m.c.i.embedder.EclipseLogger - Copying 0 resource
2021-09-03 16:44:50,340 [Worker-34: Building] INFO  o.e.m.c.i.embedder.EclipseLogger - Copying 0 resource
2021-09-03 16:44:50,343 [Worker-34: Building] INFO  o.e.m.c.i.embedder.EclipseLogger - Using 'UTF-8' encoding to copy filtered resources.
2021-09-03 16:44:50,343 [Worker-34: Building] INFO  o.e.m.c.i.embedder.EclipseLogger - Using 'UTF-8' encoding to copy filtered properties files.
2021-09-03 16:44:50,343 [Worker-34: Building] INFO  o.e.m.c.i.embedder.EclipseLogger - skip non existing resourceDirectory C:\Users\sande\Desktop\Capstone\Claim-Academy-Capstone\StreamGear.Live\StreamGear.Common\src\test\resources
2021-09-03 16:44:51,760 [Worker-33: Building] INFO  o.e.m.c.i.embedder.EclipseLogger - Using 'UTF-8' encoding to copy filtered resources.
2021-09-03 16:44:51,760 [Worker-33: Building] INFO  o.e.m.c.i.embedder.EclipseLogger - Using 'UTF-8' encoding to copy filtered properties files.
2021-09-03 16:44:51,761 [Worker-33: Building] INFO  o.e.m.c.i.embedder.EclipseLogger - Copying 1 resource
2021-09-03 16:44:51,788 [Worker-33: Building] INFO  o.e.m.c.i.embedder.EclipseLogger - Copying 0 resource
2021-09-03 16:44:51,789 [Worker-33: Building] INFO  o.e.m.c.i.embedder.EclipseLogger - Using 'UTF-8' encoding to copy filtered resources.
2021-09-03 16:44:51,790 [Worker-33: Building] INFO  o.e.m.c.i.embedder.EclipseLogger - Using 'UTF-8' encoding to copy filtered properties files.
2021-09-03 16:44:51,790 [Worker-33: Building] INFO  o.e.m.c.i.embedder.EclipseLogger - skip non existing resourceDirectory C:\Users\sande\Desktop\Capstone\Claim-Academy-Capstone\StreamGear.Live\StreamGear.Common\src\test\resources
2021-09-03 16:45:58,553 [Worker-36: Building] INFO  o.e.m.c.i.l.LifecycleMappingFactory - Using org.eclipse.m2e.jdt.JarLifecycleMapping lifecycle mapping for MavenProject: live.streamgear:StreamGear.Common:0.0.1-SNAPSHOT @ C:\Users\sande\Desktop\Capstone\Claim-Academy-Capstone\StreamGear.Live\StreamGear.Common\pom.xml.
2021-09-03 16:45:58,821 [Worker-36: Building] INFO  o.e.m.c.i.embedder.EclipseLogger - Using 'UTF-8' encoding to copy filtered resources.
2021-09-03 16:45:58,821 [Worker-36: Building] INFO  o.e.m.c.i.embedder.EclipseLogger - Using 'UTF-8' encoding to copy filtered properties files.
2021-09-03 16:45:58,823 [Worker-36: Building] INFO  o.e.m.c.i.embedder.EclipseLogger - Copying 0 resource
2021-09-03 16:45:58,823 [Worker-36: Building] INFO  o.e.m.c.i.embedder.EclipseLogger - Copying 0 resource
2021-09-03 16:45:58,825 [Worker-36: Building] INFO  o.e.m.c.i.embedder.EclipseLogger - Using 'UTF-8' encoding to copy filtered resources.
2021-09-03 16:45:58,825 [Worker-36: Building] INFO  o.e.m.c.i.embedder.EclipseLogger - Using 'UTF-8' encoding to copy filtered properties files.
2021-09-03 16:45:58,825 [Worker-36: Building] INFO  o.e.m.c.i.embedder.EclipseLogger - skip non existing resourceDirectory C:\Users\sande\Desktop\Capstone\Claim-Academy-Capstone\StreamGear.Live\StreamGear.Common\src\test\resources
2021-09-03 16:47:46,562 [Worker-35: Import Getting Started Content] INFO  o.e.m.c.i.l.LifecycleMappingFactory - Using org.eclipse.m2e.jdt.JarLifecycleMapping lifecycle mapping for MavenProject: live.streamgear:StreamGear.WebParent:0.0.1-SNAPSHOT @ C:\Users\sande\Desktop\Capstone\Claim-Academy-Capstone\StreamGear.Live\StreamGear.WebParent\pom.xml.
2021-09-03 16:47:46,893 [Worker-35: Import Getting Started Content] INFO  o.e.m.j.i.AbstractJavaProjectConfigurator - Adding source folder /StreamGear.WebParent/src/main/java
2021-09-03 16:47:46,894 [Worker-35: Import Getting Started Content] INFO  o.e.m.j.i.AbstractJavaProjectConfigurator - Adding resource folder /StreamGear.WebParent/src/main/resources
2021-09-03 16:47:46,897 [Worker-35: Import Getting Started Content] INFO  o.e.m.j.i.AbstractJavaProjectConfigurator - Adding resource folder /StreamGear.WebParent/src/main/resources
2021-09-03 16:47:46,903 [Worker-35: Import Getting Started Content] INFO  o.e.m.j.i.AbstractJavaProjectConfigurator - Adding source folder /StreamGear.WebParent/src/test/java
2021-09-03 16:47:47,168 [Worker-35: Import Getting Started Content] INFO  o.e.m.c.i.p.ProjectConfigurationManager - Imported and configured 1 project(s) in 0 sec
2021-09-03 16:47:47,169 [Worker-35: Import Getting Started Content] INFO  o.e.m.c.i.p.ProjectConfigurationManager - Update started
2021-09-03 16:47:47,330 [Worker-35: Import Getting Started Content] INFO  o.e.m.c.i.l.LifecycleMappingFactory - Using org.eclipse.m2e.jdt.JarLifecycleMapping lifecycle mapping for MavenProject: live.streamgear:StreamGear.WebParent:0.0.1-SNAPSHOT @ C:\Users\sande\Desktop\Capstone\Claim-Academy-Capstone\StreamGear.Live\StreamGear.WebParent\pom.xml.
2021-09-03 16:47:47,587 [Worker-35: Import Getting Started Content] INFO  o.e.m.j.i.AbstractJavaProjectConfigurator - Adding source folder /StreamGear.WebParent/src/main/java
2021-09-03 16:47:47,588 [Worker-35: Import Getting Started Content] INFO  o.e.m.j.i.AbstractJavaProjectConfigurator - Adding resource folder /StreamGear.WebParent/src/main/resources
2021-09-03 16:47:47,590 [Worker-35: Import Getting Started Content] INFO  o.e.m.j.i.AbstractJavaProjectConfigurator - Adding resource folder /StreamGear.WebParent/src/main/resources
2021-09-03 16:47:47,592 [Worker-35: Import Getting Started Content] INFO  o.e.m.j.i.AbstractJavaProjectConfigurator - Adding source folder /StreamGear.WebParent/src/test/java
2021-09-03 16:47:47,825 [Worker-35: Import Getting Started Content] INFO  o.e.m.c.i.p.ProjectConfigurationManager - Update completed: 0 sec
2021-09-03 16:47:48,259 [Worker-35: Building] INFO  o.e.m.c.i.embedder.EclipseLogger - Using 'UTF-8' encoding to copy filtered resources.
2021-09-03 16:47:48,259 [Worker-35: Building] INFO  o.e.m.c.i.embedder.EclipseLogger - Using 'UTF-8' encoding to copy filtered properties files.
2021-09-03 16:47:48,259 [Worker-35: Building] INFO  o.e.m.c.i.embedder.EclipseLogger - Copying 1 resource
2021-09-03 16:47:48,268 [Worker-35: Building] INFO  o.e.m.c.i.embedder.EclipseLogger - Copying 0 resource
2021-09-03 16:47:48,269 [Worker-35: Building] INFO  o.e.m.c.i.embedder.EclipseLogger - Using 'UTF-8' encoding to copy filtered resources.
2021-09-03 16:47:48,269 [Worker-35: Building] INFO  o.e.m.c.i.embedder.EclipseLogger - Using 'UTF-8' encoding to copy filtered properties files.
2021-09-03 16:47:48,269 [Worker-35: Building] INFO  o.e.m.c.i.embedder.EclipseLogger - skip non existing resourceDirectory C:\Users\sande\Desktop\Capstone\Claim-Academy-Capstone\StreamGear.Live\StreamGear.WebParent\src\test\resources
2021-09-03 16:48:46,014 [Worker-37: Building] INFO  o.e.m.c.i.l.LifecycleMappingFactory - Using org.eclipse.m2e.jdt.JarLifecycleMapping lifecycle mapping for MavenProject: live.streamgear:StreamGear.WebParent:0.0.1-SNAPSHOT @ C:\Users\sande\Desktop\Capstone\Claim-Academy-Capstone\StreamGear.Live\StreamGear.WebParent\pom.xml.
2021-09-03 16:48:46,230 [Worker-37: Building] INFO  o.e.m.c.i.embedder.EclipseLogger - Using 'UTF-8' encoding to copy filtered resources.
2021-09-03 16:48:46,230 [Worker-37: Building] INFO  o.e.m.c.i.embedder.EclipseLogger - Using 'UTF-8' encoding to copy filtered properties files.
2021-09-03 16:48:46,230 [Worker-37: Building] INFO  o.e.m.c.i.embedder.EclipseLogger - Copying 0 resource
2021-09-03 16:48:46,231 [Worker-37: Building] INFO  o.e.m.c.i.embedder.EclipseLogger - Copying 0 resource
2021-09-03 16:48:46,233 [Worker-37: Building] INFO  o.e.m.c.i.embedder.EclipseLogger - Using 'UTF-8' encoding to copy filtered resources.
2021-09-03 16:48:46,233 [Worker-37: Building] INFO  o.e.m.c.i.embedder.EclipseLogger - Using 'UTF-8' encoding to copy filtered properties files.
2021-09-03 16:48:46,233 [Worker-37: Building] INFO  o.e.m.c.i.embedder.EclipseLogger - skip non existing resourceDirectory C:\Users\sande\Desktop\Capstone\Claim-Academy-Capstone\StreamGear.Live\StreamGear.WebParent\src\test\resources
2021-09-03 16:49:36,999 [Worker-38: Building] INFO  o.e.m.c.i.l.LifecycleMappingFactory - Using NULL lifecycle mapping for MavenProject: live.streamgear:StreamGear.Live:0.0.1-SNAPSHOT @ C:\Users\sande\Desktop\Capstone\Claim-Academy-Capstone\StreamGear.Live\pom.xml.
2021-09-03 16:49:50,226 [Worker-35: Building] INFO  o.e.m.c.i.embedder.EclipseLogger - Using 'UTF-8' encoding to copy filtered resources.
2021-09-03 16:49:50,226 [Worker-35: Building] INFO  o.e.m.c.i.embedder.EclipseLogger - Using 'UTF-8' encoding to copy filtered properties files.
2021-09-03 16:49:50,227 [Worker-35: Building] INFO  o.e.m.c.i.embedder.EclipseLogger - Copying 1 resource
2021-09-03 16:49:50,237 [Worker-35: Building] INFO  o.e.m.c.i.embedder.EclipseLogger - Copying 0 resource
2021-09-03 16:49:50,239 [Worker-35: Building] INFO  o.e.m.c.i.embedder.EclipseLogger - Using 'UTF-8' encoding to copy filtered resources.
2021-09-03 16:49:50,239 [Worker-35: Building] INFO  o.e.m.c.i.embedder.EclipseLogger - Using 'UTF-8' encoding to copy filtered properties files.
2021-09-03 16:49:50,239 [Worker-35: Building] INFO  o.e.m.c.i.embedder.EclipseLogger - skip non existing resourceDirectory C:\Users\sande\Desktop\Capstone\Claim-Academy-Capstone\StreamGear.Live\StreamGear.WebParent\src\test\resources
2021-09-03 16:50:06,457 [Worker-41: Building] INFO  o.e.m.c.i.embedder.EclipseLogger - Using 'UTF-8' encoding to copy filtered resources.
2021-09-03 16:50:06,457 [Worker-41: Building] INFO  o.e.m.c.i.embedder.EclipseLogger - Using 'UTF-8' encoding to copy filtered properties files.
2021-09-03 16:50:06,458 [Worker-41: Building] INFO  o.e.m.c.i.embedder.EclipseLogger - Copying 1 resource
2021-09-03 16:50:06,466 [Worker-41: Building] INFO  o.e.m.c.i.embedder.EclipseLogger - Copying 0 resource
2021-09-03 16:50:06,467 [Worker-41: Building] INFO  o.e.m.c.i.embedder.EclipseLogger - Using 'UTF-8' encoding to copy filtered resources.
2021-09-03 16:50:06,467 [Worker-41: Building] INFO  o.e.m.c.i.embedder.EclipseLogger - Using 'UTF-8' encoding to copy filtered properties files.
2021-09-03 16:50:06,467 [Worker-41: Building] INFO  o.e.m.c.i.embedder.EclipseLogger - skip non existing resourceDirectory C:\Users\sande\Desktop\Capstone\Claim-Academy-Capstone\StreamGear.Live\StreamGear.WebParent\src\test\resources
2021-09-03 16:50:14,096 [Worker-39: Building] INFO  o.e.m.c.i.embedder.EclipseLogger - Using 'UTF-8' encoding to copy filtered resources.
2021-09-03 16:50:14,096 [Worker-39: Building] INFO  o.e.m.c.i.embedder.EclipseLogger - Using 'UTF-8' encoding to copy filtered properties files.
2021-09-03 16:50:14,096 [Worker-39: Building] INFO  o.e.m.c.i.embedder.EclipseLogger - Copying 0 resource
2021-09-03 16:50:14,096 [Worker-39: Building] INFO  o.e.m.c.i.embedder.EclipseLogger - Copying 0 resource
2021-09-03 16:50:14,098 [Worker-39: Building] INFO  o.e.m.c.i.embedder.EclipseLogger - Using 'UTF-8' encoding to copy filtered resources.
2021-09-03 16:50:14,098 [Worker-39: Building] INFO  o.e.m.c.i.embedder.EclipseLogger - Using 'UTF-8' encoding to copy filtered properties files.
2021-09-03 16:50:14,098 [Worker-39: Building] INFO  o.e.m.c.i.embedder.EclipseLogger - skip non existing resourceDirectory C:\Users\sande\Desktop\Capstone\Claim-Academy-Capstone\StreamGear.Live\StreamGear.WebParent\src\test\resources
2021-09-03 16:50:38,440 [Worker-32: Building] INFO  o.e.m.c.i.embedder.EclipseLogger - Using 'UTF-8' encoding to copy filtered resources.
2021-09-03 16:50:38,440 [Worker-32: Building] INFO  o.e.m.c.i.embedder.EclipseLogger - Using 'UTF-8' encoding to copy filtered properties files.
2021-09-03 16:50:38,440 [Worker-32: Building] INFO  o.e.m.c.i.embedder.EclipseLogger - Copying 0 resource
2021-09-03 16:50:38,440 [Worker-32: Building] INFO  o.e.m.c.i.embedder.EclipseLogger - Copying 0 resource
2021-09-03 16:50:38,441 [Worker-32: Building] INFO  o.e.m.c.i.embedder.EclipseLogger - Using 'UTF-8' encoding to copy filtered resources.
2021-09-03 16:50:38,441 [Worker-32: Building] INFO  o.e.m.c.i.embedder.EclipseLogger - Using 'UTF-8' encoding to copy filtered properties files.
2021-09-03 16:50:38,441 [Worker-32: Building] INFO  o.e.m.c.i.embedder.EclipseLogger - skip non existing resourceDirectory C:\Users\sande\Desktop\Capstone\Claim-Academy-Capstone\StreamGear.Live\StreamGear.WebParent\src\test\resources
2021-09-03 16:52:31,557 [Worker-38: Building] INFO  o.e.m.c.i.l.LifecycleMappingFactory - Using NULL lifecycle mapping for MavenProject: live.streamgear:StreamGear.WebParent:0.0.1-SNAPSHOT @ C:\Users\sande\Desktop\Capstone\Claim-Academy-Capstone\StreamGear.Live\StreamGear.WebParent\pom.xml.
2021-09-03 16:53:26,564 [Worker-38: Updating Maven Project] INFO  o.e.m.c.i.p.ProjectConfigurationManager - Update started
2021-09-03 16:53:26,628 [Worker-38: Updating Maven Project] INFO  o.e.m.c.i.l.LifecycleMappingFactory - Using NULL lifecycle mapping for MavenProject: live.streamgear:StreamGear.WebParent:0.0.1-SNAPSHOT @ C:\Users\sande\Desktop\Capstone\Claim-Academy-Capstone\StreamGear.Live\StreamGear.WebParent\pom.xml.
2021-09-03 16:53:26,785 [Worker-38: Updating Maven Project] INFO  o.e.m.c.i.p.ProjectConfigurationManager - Update completed: 0 sec
2021-09-03 16:55:17,306 [Worker-39: Import Getting Started Content] INFO  o.e.m.c.i.l.LifecycleMappingFactory - Using org.eclipse.m2e.jdt.JarLifecycleMapping lifecycle mapping for MavenProject: live.streamgear:StreamGear.Backend:0.0.1-SNAPSHOT @ C:\Users\sande\Desktop\Capstone\Claim-Academy-Capstone\StreamGear.Live\StreamGear.WebParent\StreamGear.Backend\pom.xml.
2021-09-03 16:55:17,511 [Worker-39: Import Getting Started Content] INFO  o.e.m.j.i.AbstractJavaProjectConfigurator - Adding source folder /StreamGear.Backend/src/main/java
2021-09-03 16:55:17,512 [Worker-39: Import Getting Started Content] INFO  o.e.m.j.i.AbstractJavaProjectConfigurator - Adding resource folder /StreamGear.Backend/src/main/resources
2021-09-03 16:55:17,516 [Worker-39: Import Getting Started Content] INFO  o.e.m.j.i.AbstractJavaProjectConfigurator - Adding resource folder /StreamGear.Backend/src/main/resources
2021-09-03 16:55:17,521 [Worker-39: Import Getting Started Content] INFO  o.e.m.j.i.AbstractJavaProjectConfigurator - Adding source folder /StreamGear.Backend/src/test/java
2021-09-03 16:55:17,733 [Worker-39: Import Getting Started Content] INFO  o.e.m.c.i.p.ProjectConfigurationManager - Imported and configured 1 project(s) in 0 sec
2021-09-03 16:55:17,735 [Worker-39: Import Getting Started Content] INFO  o.e.m.c.i.p.ProjectConfigurationManager - Update started
2021-09-03 16:55:17,862 [Worker-39: Import Getting Started Content] INFO  o.e.m.c.i.l.LifecycleMappingFactory - Using org.eclipse.m2e.jdt.JarLifecycleMapping lifecycle mapping for MavenProject: live.streamgear:StreamGear.Backend:0.0.1-SNAPSHOT @ C:\Users\sande\Desktop\Capstone\Claim-Academy-Capstone\StreamGear.Live\StreamGear.WebParent\StreamGear.Backend\pom.xml.
2021-09-03 16:55:18,057 [Worker-39: Import Getting Started Content] INFO  o.e.m.j.i.AbstractJavaProjectConfigurator - Adding source folder /StreamGear.Backend/src/main/java
2021-09-03 16:55:18,057 [Worker-39: Import Getting Started Content] INFO  o.e.m.j.i.AbstractJavaProjectConfigurator - Adding resource folder /StreamGear.Backend/src/main/resources
2021-09-03 16:55:18,057 [Worker-39: Import Getting Started Content] INFO  o.e.m.j.i.AbstractJavaProjectConfigurator - Adding resource folder /StreamGear.Backend/src/main/resources
2021-09-03 16:55:18,059 [Worker-39: Import Getting Started Content] INFO  o.e.m.j.i.AbstractJavaProjectConfigurator - Adding source folder /StreamGear.Backend/src/test/java
2021-09-03 16:55:18,195 [Worker-39: Import Getting Started Content] INFO  o.e.m.c.i.p.ProjectConfigurationManager - Update completed: 0 sec
2021-09-03 16:55:18,494 [Worker-40: Building] INFO  o.e.m.c.i.embedder.EclipseLogger - Using 'UTF-8' encoding to copy filtered resources.
2021-09-03 16:55:18,494 [Worker-40: Building] INFO  o.e.m.c.i.embedder.EclipseLogger - Using 'UTF-8' encoding to copy filtered properties files.
2021-09-03 16:55:18,494 [Worker-40: Building] INFO  o.e.m.c.i.embedder.EclipseLogger - Copying 1 resource
2021-09-03 16:55:18,495 [Worker-40: Building] INFO  o.e.m.c.i.embedder.EclipseLogger - Copying 0 resource
2021-09-03 16:55:18,497 [Worker-40: Building] INFO  o.e.m.c.i.embedder.EclipseLogger - Using 'UTF-8' encoding to copy filtered resources.
2021-09-03 16:55:18,497 [Worker-40: Building] INFO  o.e.m.c.i.embedder.EclipseLogger - Using 'UTF-8' encoding to copy filtered properties files.
2021-09-03 16:55:18,497 [Worker-40: Building] INFO  o.e.m.c.i.embedder.EclipseLogger - skip non existing resourceDirectory C:\Users\sande\Desktop\Capstone\Claim-Academy-Capstone\StreamGear.Live\StreamGear.WebParent\StreamGear.Backend\src\test\resources
2021-09-03 16:56:07,801 [Worker-38: Building] INFO  o.e.m.c.i.l.LifecycleMappingFactory - Using NULL lifecycle mapping for MavenProject: live.streamgear:StreamGear.WebParent:0.0.1-SNAPSHOT @ C:\Users\sande\Desktop\Capstone\Claim-Academy-Capstone\StreamGear.Live\StreamGear.WebParent\pom.xml.
2021-09-03 16:56:58,119 [Worker-44: Building] INFO  o.e.m.c.i.l.LifecycleMappingFactory - Using org.eclipse.m2e.jdt.JarLifecycleMapping lifecycle mapping for MavenProject: live.streamgear:StreamGear.Backend:0.0.1-SNAPSHOT @ C:\Users\sande\Desktop\Capstone\Claim-Academy-Capstone\StreamGear.Live\StreamGear.WebParent\StreamGear.Backend\pom.xml.
2021-09-03 16:56:58,306 [Worker-44: Building] INFO  o.e.m.c.i.embedder.EclipseLogger - Using 'UTF-8' encoding to copy filtered resources.
2021-09-03 16:56:58,306 [Worker-44: Building] INFO  o.e.m.c.i.embedder.EclipseLogger - Using 'UTF-8' encoding to copy filtered properties files.
2021-09-03 16:56:58,306 [Worker-44: Building] INFO  o.e.m.c.i.embedder.EclipseLogger - Copying 0 resource
2021-09-03 16:56:58,306 [Worker-44: Building] INFO  o.e.m.c.i.embedder.EclipseLogger - Copying 0 resource
2021-09-03 16:56:58,308 [Worker-44: Building] INFO  o.e.m.c.i.embedder.EclipseLogger - Using 'UTF-8' encoding to copy filtered resources.
2021-09-03 16:56:58,308 [Worker-44: Building] INFO  o.e.m.c.i.embedder.EclipseLogger - Using 'UTF-8' encoding to copy filtered properties files.
2021-09-03 16:56:58,308 [Worker-44: Building] INFO  o.e.m.c.i.embedder.EclipseLogger - skip non existing resourceDirectory C:\Users\sande\Desktop\Capstone\Claim-Academy-Capstone\StreamGear.Live\StreamGear.WebParent\StreamGear.Backend\src\test\resources
2021-09-03 16:56:59,720 [Worker-40: Building] INFO  o.e.m.c.i.embedder.EclipseLogger - Using 'UTF-8' encoding to copy filtered resources.
2021-09-03 16:56:59,721 [Worker-40: Building] INFO  o.e.m.c.i.embedder.EclipseLogger - Using 'UTF-8' encoding to copy filtered properties files.
2021-09-03 16:56:59,721 [Worker-40: Building] INFO  o.e.m.c.i.embedder.EclipseLogger - Copying 1 resource
2021-09-03 16:56:59,722 [Worker-40: Building] INFO  o.e.m.c.i.embedder.EclipseLogger - Copying 0 resource
2021-09-03 16:56:59,723 [Worker-40: Building] INFO  o.e.m.c.i.embedder.EclipseLogger - Using 'UTF-8' encoding to copy filtered resources.
2021-09-03 16:56:59,724 [Worker-40: Building] INFO  o.e.m.c.i.embedder.EclipseLogger - Using 'UTF-8' encoding to copy filtered properties files.
2021-09-03 16:56:59,724 [Worker-40: Building] INFO  o.e.m.c.i.embedder.EclipseLogger - skip non existing resourceDirectory C:\Users\sande\Desktop\Capstone\Claim-Academy-Capstone\StreamGear.Live\StreamGear.WebParent\StreamGear.Backend\src\test\resources
2021-09-03 16:57:44,732 [Worker-39: Building] INFO  o.e.m.c.i.l.LifecycleMappingFactory - Using org.eclipse.m2e.jdt.JarLifecycleMapping lifecycle mapping for MavenProject: live.streamgear:StreamGear.Backend:0.0.1-SNAPSHOT @ C:\Users\sande\Desktop\Capstone\Claim-Academy-Capstone\StreamGear.Live\StreamGear.WebParent\StreamGear.Backend\pom.xml.
2021-09-03 16:57:44,924 [Worker-39: Building] INFO  o.e.m.c.i.embedder.EclipseLogger - Using 'UTF-8' encoding to copy filtered resources.
2021-09-03 16:57:44,924 [Worker-39: Building] INFO  o.e.m.c.i.embedder.EclipseLogger - Using 'UTF-8' encoding to copy filtered properties files.
2021-09-03 16:57:44,924 [Worker-39: Building] INFO  o.e.m.c.i.embedder.EclipseLogger - Copying 0 resource
2021-09-03 16:57:44,924 [Worker-39: Building] INFO  o.e.m.c.i.embedder.EclipseLogger - Copying 0 resource
2021-09-03 16:57:44,926 [Worker-39: Building] INFO  o.e.m.c.i.embedder.EclipseLogger - Using 'UTF-8' encoding to copy filtered resources.
2021-09-03 16:57:44,926 [Worker-39: Building] INFO  o.e.m.c.i.embedder.EclipseLogger - Using 'UTF-8' encoding to copy filtered properties files.
2021-09-03 16:57:44,926 [Worker-39: Building] INFO  o.e.m.c.i.embedder.EclipseLogger - skip non existing resourceDirectory C:\Users\sande\Desktop\Capstone\Claim-Academy-Capstone\StreamGear.Live\StreamGear.WebParent\StreamGear.Backend\src\test\resources
2021-09-03 16:58:15,288 [Worker-38: Building] INFO  o.e.m.c.i.l.LifecycleMappingFactory - Using org.eclipse.m2e.jdt.JarLifecycleMapping lifecycle mapping for MavenProject: live.streamgear:StreamGear.Backend:0.0.1-SNAPSHOT @ C:\Users\sande\Desktop\Capstone\Claim-Academy-Capstone\StreamGear.Live\StreamGear.WebParent\StreamGear.Backend\pom.xml.
2021-09-03 16:58:15,493 [Worker-38: Building] INFO  o.e.m.c.i.embedder.EclipseLogger - Using 'UTF-8' encoding to copy filtered resources.
2021-09-03 16:58:15,493 [Worker-38: Building] INFO  o.e.m.c.i.embedder.EclipseLogger - Using 'UTF-8' encoding to copy filtered properties files.
2021-09-03 16:58:15,494 [Worker-38: Building] INFO  o.e.m.c.i.embedder.EclipseLogger - Copying 1 resource
2021-09-03 16:58:15,513 [Worker-38: Building] INFO  o.e.m.c.i.embedder.EclipseLogger - Copying 0 resource
2021-09-03 16:58:15,515 [Worker-38: Building] INFO  o.e.m.c.i.embedder.EclipseLogger - Using 'UTF-8' encoding to copy filtered resources.
2021-09-03 16:58:15,515 [Worker-38: Building] INFO  o.e.m.c.i.embedder.EclipseLogger - Using 'UTF-8' encoding to copy filtered properties files.
2021-09-03 16:58:15,515 [Worker-38: Building] INFO  o.e.m.c.i.embedder.EclipseLogger - skip non existing resourceDirectory C:\Users\sande\Desktop\Capstone\Claim-Academy-Capstone\StreamGear.Live\StreamGear.WebParent\StreamGear.Backend\src\test\resources
2021-09-03 16:58:16,805 [Worker-42: Building] INFO  o.e.m.c.i.embedder.EclipseLogger - Using 'UTF-8' encoding to copy filtered resources.
2021-09-03 16:58:16,805 [Worker-42: Building] INFO  o.e.m.c.i.embedder.EclipseLogger - Using 'UTF-8' encoding to copy filtered properties files.
2021-09-03 16:58:16,805 [Worker-42: Building] INFO  o.e.m.c.i.embedder.EclipseLogger - Copying 1 resource
2021-09-03 16:58:16,807 [Worker-42: Building] INFO  o.e.m.c.i.embedder.EclipseLogger - Copying 0 resource
2021-09-03 16:58:16,808 [Worker-42: Building] INFO  o.e.m.c.i.embedder.EclipseLogger - Using 'UTF-8' encoding to copy filtered resources.
2021-09-03 16:58:16,808 [Worker-42: Building] INFO  o.e.m.c.i.embedder.EclipseLogger - Using 'UTF-8' encoding to copy filtered properties files.
2021-09-03 16:58:16,808 [Worker-42: Building] INFO  o.e.m.c.i.embedder.EclipseLogger - skip non existing resourceDirectory C:\Users\sande\Desktop\Capstone\Claim-Academy-Capstone\StreamGear.Live\StreamGear.WebParent\StreamGear.Backend\src\test\resources
2021-09-03 16:58:31,506 [Worker-40: Building] INFO  o.e.m.c.i.embedder.EclipseLogger - Using 'UTF-8' encoding to copy filtered resources.
2021-09-03 16:58:31,506 [Worker-40: Building] INFO  o.e.m.c.i.embedder.EclipseLogger - Using 'UTF-8' encoding to copy filtered properties files.
2021-09-03 16:58:31,506 [Worker-40: Building] INFO  o.e.m.c.i.embedder.EclipseLogger - Copying 0 resource
2021-09-03 16:58:31,506 [Worker-40: Building] INFO  o.e.m.c.i.embedder.EclipseLogger - Copying 0 resource
2021-09-03 16:58:31,507 [Worker-40: Building] INFO  o.e.m.c.i.embedder.EclipseLogger - Using 'UTF-8' encoding to copy filtered resources.
2021-09-03 16:58:31,507 [Worker-40: Building] INFO  o.e.m.c.i.embedder.EclipseLogger - Using 'UTF-8' encoding to copy filtered properties files.
2021-09-03 16:58:31,507 [Worker-40: Building] INFO  o.e.m.c.i.embedder.EclipseLogger - skip non existing resourceDirectory C:\Users\sande\Desktop\Capstone\Claim-Academy-Capstone\StreamGear.Live\StreamGear.WebParent\StreamGear.Backend\src\test\resources
2021-09-03 17:00:48,391 [Worker-39: Building] INFO  o.e.m.c.i.embedder.EclipseLogger - Using 'UTF-8' encoding to copy filtered resources.
2021-09-03 17:00:48,392 [Worker-39: Building] INFO  o.e.m.c.i.embedder.EclipseLogger - Using 'UTF-8' encoding to copy filtered properties files.
2021-09-03 17:00:48,393 [Worker-39: Building] INFO  o.e.m.c.i.embedder.EclipseLogger - Copying 1 resource
2021-09-03 17:00:48,406 [Worker-39: Building] INFO  o.e.m.c.i.embedder.EclipseLogger - Copying 0 resource
2021-09-03 17:00:48,408 [Worker-39: Building] INFO  o.e.m.c.i.embedder.EclipseLogger - Using 'UTF-8' encoding to copy filtered resources.
2021-09-03 17:00:48,409 [Worker-39: Building] INFO  o.e.m.c.i.embedder.EclipseLogger - Using 'UTF-8' encoding to copy filtered properties files.
2021-09-03 17:00:48,409 [Worker-39: Building] INFO  o.e.m.c.i.embedder.EclipseLogger - skip non existing resourceDirectory C:\Users\sande\Desktop\Capstone\Claim-Academy-Capstone\StreamGear.Live\StreamGear.WebParent\StreamGear.Backend\src\test\resources
2021-09-03 17:02:05,414 [Worker-38: Building] INFO  o.e.m.c.i.l.LifecycleMappingFactory - Using NULL lifecycle mapping for MavenProject: live.streamgear:StreamGear.WebParent:0.0.1-SNAPSHOT @ C:\Users\sande\Desktop\Capstone\Claim-Academy-Capstone\StreamGear.Live\StreamGear.WebParent\pom.xml.
2021-09-03 17:02:05,567 [Worker-38: Building] INFO  o.e.m.c.i.l.LifecycleMappingFactory - Using org.eclipse.m2e.jdt.JarLifecycleMapping lifecycle mapping for MavenProject: live.streamgear:StreamGear.Backend:0.0.1-SNAPSHOT @ C:\Users\sande\Desktop\Capstone\Claim-Academy-Capstone\StreamGear.Live\StreamGear.WebParent\StreamGear.Backend\pom.xml.
2021-09-03 17:02:06,206 [Worker-37: Building] INFO  o.e.m.c.i.embedder.EclipseLogger - Using 'UTF-8' encoding to copy filtered resources.
2021-09-03 17:02:06,206 [Worker-37: Building] INFO  o.e.m.c.i.embedder.EclipseLogger - Using 'UTF-8' encoding to copy filtered properties files.
2021-09-03 17:02:06,207 [Worker-37: Building] INFO  o.e.m.c.i.embedder.EclipseLogger - Copying 1 resource
2021-09-03 17:02:06,208 [Worker-37: Building] INFO  o.e.m.c.i.embedder.EclipseLogger - Copying 0 resource
2021-09-03 17:02:06,211 [Worker-37: Building] INFO  o.e.m.c.i.embedder.EclipseLogger - Using 'UTF-8' encoding to copy filtered resources.
2021-09-03 17:02:06,211 [Worker-37: Building] INFO  o.e.m.c.i.embedder.EclipseLogger - Using 'UTF-8' encoding to copy filtered properties files.
2021-09-03 17:02:06,211 [Worker-37: Building] INFO  o.e.m.c.i.embedder.EclipseLogger - skip non existing resourceDirectory C:\Users\sande\Desktop\Capstone\Claim-Academy-Capstone\StreamGear.Live\StreamGear.WebParent\StreamGear.Backend\src\test\resources
2021-09-03 17:03:27,856 [Worker-45: Building] INFO  o.e.m.c.i.embedder.EclipseLogger - Using 'UTF-8' encoding to copy filtered resources.
2021-09-03 17:03:27,856 [Worker-45: Building] INFO  o.e.m.c.i.embedder.EclipseLogger - Using 'UTF-8' encoding to copy filtered properties files.
2021-09-03 17:03:27,857 [Worker-45: Building] INFO  o.e.m.c.i.embedder.EclipseLogger - Copying 1 resource
2021-09-03 17:03:27,869 [Worker-45: Building] INFO  o.e.m.c.i.embedder.EclipseLogger - Copying 0 resource
2021-09-03 17:03:27,872 [Worker-45: Building] INFO  o.e.m.c.i.embedder.EclipseLogger - Using 'UTF-8' encoding to copy filtered resources.
2021-09-03 17:03:27,872 [Worker-45: Building] INFO  o.e.m.c.i.embedder.EclipseLogger - Using 'UTF-8' encoding to copy filtered properties files.
2021-09-03 17:03:27,872 [Worker-45: Building] INFO  o.e.m.c.i.embedder.EclipseLogger - skip non existing resourceDirectory C:\Users\sande\Desktop\Capstone\Claim-Academy-Capstone\StreamGear.Live\StreamGear.WebParent\StreamGear.Backend\src\test\resources
2021-09-03 17:04:39,474 [Worker-42: Building] INFO  o.e.m.c.i.embedder.EclipseLogger - Using 'UTF-8' encoding to copy filtered resources.
2021-09-03 17:04:39,474 [Worker-42: Building] INFO  o.e.m.c.i.embedder.EclipseLogger - Using 'UTF-8' encoding to copy filtered properties files.
2021-09-03 17:04:39,474 [Worker-42: Building] INFO  o.e.m.c.i.embedder.EclipseLogger - Copying 1 resource
2021-09-03 17:04:39,487 [Worker-42: Building] INFO  o.e.m.c.i.embedder.EclipseLogger - Copying 0 resource
2021-09-03 17:04:39,489 [Worker-42: Building] INFO  o.e.m.c.i.embedder.EclipseLogger - Using 'UTF-8' encoding to copy filtered resources.
2021-09-03 17:04:39,489 [Worker-42: Building] INFO  o.e.m.c.i.embedder.EclipseLogger - Using 'UTF-8' encoding to copy filtered properties files.
2021-09-03 17:04:39,490 [Worker-42: Building] INFO  o.e.m.c.i.embedder.EclipseLogger - skip non existing resourceDirectory C:\Users\sande\Desktop\Capstone\Claim-Academy-Capstone\StreamGear.Live\StreamGear.WebParent\StreamGear.Backend\src\test\resources
2021-09-03 17:04:40,537 [Worker-39: Building] INFO  o.e.m.c.i.embedder.EclipseLogger - Using 'UTF-8' encoding to copy filtered resources.
2021-09-03 17:04:40,538 [Worker-39: Building] INFO  o.e.m.c.i.embedder.EclipseLogger - Using 'UTF-8' encoding to copy filtered properties files.
2021-09-03 17:04:40,538 [Worker-39: Building] INFO  o.e.m.c.i.embedder.EclipseLogger - Copying 0 resource
2021-09-03 17:04:40,538 [Worker-39: Building] INFO  o.e.m.c.i.embedder.EclipseLogger - Copying 0 resource
2021-09-03 17:04:40,539 [Worker-39: Building] INFO  o.e.m.c.i.embedder.EclipseLogger - Using 'UTF-8' encoding to copy filtered resources.
2021-09-03 17:04:40,539 [Worker-39: Building] INFO  o.e.m.c.i.embedder.EclipseLogger - Using 'UTF-8' encoding to copy filtered properties files.
2021-09-03 17:04:40,539 [Worker-39: Building] INFO  o.e.m.c.i.embedder.EclipseLogger - skip non existing resourceDirectory C:\Users\sande\Desktop\Capstone\Claim-Academy-Capstone\StreamGear.Live\StreamGear.WebParent\StreamGear.Backend\src\test\resources
2021-09-03 17:04:40,671 [Worker-39: Building] INFO  o.e.m.c.i.embedder.EclipseLogger - Using 'UTF-8' encoding to copy filtered resources.
2021-09-03 17:04:40,671 [Worker-39: Building] INFO  o.e.m.c.i.embedder.EclipseLogger - Using 'UTF-8' encoding to copy filtered properties files.
2021-09-03 17:04:40,672 [Worker-39: Building] INFO  o.e.m.c.i.embedder.EclipseLogger - Copying 0 resource
2021-09-03 17:04:40,672 [Worker-39: Building] INFO  o.e.m.c.i.embedder.EclipseLogger - Copying 0 resource
2021-09-03 17:04:40,673 [Worker-39: Building] INFO  o.e.m.c.i.embedder.EclipseLogger - Using 'UTF-8' encoding to copy filtered resources.
2021-09-03 17:04:40,673 [Worker-39: Building] INFO  o.e.m.c.i.embedder.EclipseLogger - Using 'UTF-8' encoding to copy filtered properties files.
2021-09-03 17:04:40,673 [Worker-39: Building] INFO  o.e.m.c.i.embedder.EclipseLogger - skip non existing resourceDirectory C:\Users\sande\Desktop\Capstone\Claim-Academy-Capstone\StreamGear.Live\StreamGear.Common\src\test\resources
2021-09-03 17:05:31,085 [Worker-42: Building] INFO  o.e.m.c.i.embedder.EclipseLogger - Using 'UTF-8' encoding to copy filtered resources.
2021-09-03 17:05:31,085 [Worker-42: Building] INFO  o.e.m.c.i.embedder.EclipseLogger - Using 'UTF-8' encoding to copy filtered properties files.
2021-09-03 17:05:31,086 [Worker-42: Building] INFO  o.e.m.c.i.embedder.EclipseLogger - Copying 1 resource
2021-09-03 17:05:31,096 [Worker-42: Building] INFO  o.e.m.c.i.embedder.EclipseLogger - Copying 0 resource
2021-09-03 17:05:31,097 [Worker-42: Building] INFO  o.e.m.c.i.embedder.EclipseLogger - Using 'UTF-8' encoding to copy filtered resources.
2021-09-03 17:05:31,098 [Worker-42: Building] INFO  o.e.m.c.i.embedder.EclipseLogger - Using 'UTF-8' encoding to copy filtered properties files.
2021-09-03 17:05:31,098 [Worker-42: Building] INFO  o.e.m.c.i.embedder.EclipseLogger - skip non existing resourceDirectory C:\Users\sande\Desktop\Capstone\Claim-Academy-Capstone\StreamGear.Live\StreamGear.WebParent\StreamGear.Backend\src\test\resources
2021-09-03 17:06:27,651 [Worker-37: Building] INFO  o.e.m.c.i.embedder.EclipseLogger - Using 'UTF-8' encoding to copy filtered resources.
2021-09-03 17:06:27,651 [Worker-37: Building] INFO  o.e.m.c.i.embedder.EclipseLogger - Using 'UTF-8' encoding to copy filtered properties files.
2021-09-03 17:06:27,653 [Worker-37: Building] INFO  o.e.m.c.i.embedder.EclipseLogger - Copying 1 resource
2021-09-03 17:06:27,654 [Worker-37: Building] INFO  o.e.m.c.i.embedder.EclipseLogger - Copying 0 resource
2021-09-03 17:06:27,656 [Worker-37: Building] INFO  o.e.m.c.i.embedder.EclipseLogger - Using 'UTF-8' encoding to copy filtered resources.
2021-09-03 17:06:27,656 [Worker-37: Building] INFO  o.e.m.c.i.embedder.EclipseLogger - Using 'UTF-8' encoding to copy filtered properties files.
2021-09-03 17:06:27,656 [Worker-37: Building] INFO  o.e.m.c.i.embedder.EclipseLogger - skip non existing resourceDirectory C:\Users\sande\Desktop\Capstone\Claim-Academy-Capstone\StreamGear.Live\StreamGear.WebParent\StreamGear.Backend\src\test\resources
2021-09-03 17:06:37,006 [Worker-37: Building] INFO  o.e.m.c.i.embedder.EclipseLogger - Using 'UTF-8' encoding to copy filtered resources.
2021-09-03 17:06:37,006 [Worker-37: Building] INFO  o.e.m.c.i.embedder.EclipseLogger - Using 'UTF-8' encoding to copy filtered properties files.
2021-09-03 17:06:37,007 [Worker-37: Building] INFO  o.e.m.c.i.embedder.EclipseLogger - Copying 1 resource
2021-09-03 17:06:37,008 [Worker-37: Building] INFO  o.e.m.c.i.embedder.EclipseLogger - Copying 0 resource
2021-09-03 17:06:37,010 [Worker-37: Building] INFO  o.e.m.c.i.embedder.EclipseLogger - Using 'UTF-8' encoding to copy filtered resources.
2021-09-03 17:06:37,010 [Worker-37: Building] INFO  o.e.m.c.i.embedder.EclipseLogger - Using 'UTF-8' encoding to copy filtered properties files.
2021-09-03 17:06:37,010 [Worker-37: Building] INFO  o.e.m.c.i.embedder.EclipseLogger - skip non existing resourceDirectory C:\Users\sande\Desktop\Capstone\Claim-Academy-Capstone\StreamGear.Live\StreamGear.WebParent\StreamGear.Backend\src\test\resources
2021-09-03 17:06:51,159 [Worker-47: Building] INFO  o.e.m.c.i.embedder.EclipseLogger - Using 'UTF-8' encoding to copy filtered resources.
2021-09-03 17:06:51,159 [Worker-47: Building] INFO  o.e.m.c.i.embedder.EclipseLogger - Using 'UTF-8' encoding to copy filtered properties files.
2021-09-03 17:06:51,159 [Worker-47: Building] INFO  o.e.m.c.i.embedder.EclipseLogger - Copying 0 resource
2021-09-03 17:06:51,159 [Worker-47: Building] INFO  o.e.m.c.i.embedder.EclipseLogger - Copying 0 resource
2021-09-03 17:06:51,160 [Worker-47: Building] INFO  o.e.m.c.i.embedder.EclipseLogger - Using 'UTF-8' encoding to copy filtered resources.
2021-09-03 17:06:51,160 [Worker-47: Building] INFO  o.e.m.c.i.embedder.EclipseLogger - Using 'UTF-8' encoding to copy filtered properties files.
2021-09-03 17:06:51,160 [Worker-47: Building] INFO  o.e.m.c.i.embedder.EclipseLogger - skip non existing resourceDirectory C:\Users\sande\Desktop\Capstone\Claim-Academy-Capstone\StreamGear.Live\StreamGear.WebParent\StreamGear.Backend\src\test\resources
2021-09-03 17:10:21,041 [Worker-39: Building] INFO  o.e.m.c.i.embedder.EclipseLogger - Using 'UTF-8' encoding to copy filtered resources.
2021-09-03 17:10:21,041 [Worker-39: Building] INFO  o.e.m.c.i.embedder.EclipseLogger - Using 'UTF-8' encoding to copy filtered properties files.
2021-09-03 17:10:21,041 [Worker-39: Building] INFO  o.e.m.c.i.embedder.EclipseLogger - Copying 0 resource
2021-09-03 17:10:21,042 [Worker-39: Building] INFO  o.e.m.c.i.embedder.EclipseLogger - Copying 0 resource
2021-09-03 17:10:21,043 [Worker-39: Building] INFO  o.e.m.c.i.embedder.EclipseLogger - Using 'UTF-8' encoding to copy filtered resources.
2021-09-03 17:10:21,043 [Worker-39: Building] INFO  o.e.m.c.i.embedder.EclipseLogger - Using 'UTF-8' encoding to copy filtered properties files.
2021-09-03 17:10:21,043 [Worker-39: Building] INFO  o.e.m.c.i.embedder.EclipseLogger - skip non existing resourceDirectory C:\Users\sande\Desktop\Capstone\Claim-Academy-Capstone\StreamGear.Live\StreamGear.WebParent\StreamGear.Backend\src\test\resources
2021-09-03 17:10:43,358 [Worker-39: Building] INFO  o.e.m.c.i.embedder.EclipseLogger - Using 'UTF-8' encoding to copy filtered resources.
2021-09-03 17:10:43,358 [Worker-39: Building] INFO  o.e.m.c.i.embedder.EclipseLogger - Using 'UTF-8' encoding to copy filtered properties files.
2021-09-03 17:10:43,359 [Worker-39: Building] INFO  o.e.m.c.i.embedder.EclipseLogger - Copying 0 resource
2021-09-03 17:10:43,359 [Worker-39: Building] INFO  o.e.m.c.i.embedder.EclipseLogger - Copying 0 resource
2021-09-03 17:10:43,360 [Worker-39: Building] INFO  o.e.m.c.i.embedder.EclipseLogger - Using 'UTF-8' encoding to copy filtered resources.
2021-09-03 17:10:43,360 [Worker-39: Building] INFO  o.e.m.c.i.embedder.EclipseLogger - Using 'UTF-8' encoding to copy filtered properties files.
2021-09-03 17:10:43,360 [Worker-39: Building] INFO  o.e.m.c.i.embedder.EclipseLogger - skip non existing resourceDirectory C:\Users\sande\Desktop\Capstone\Claim-Academy-Capstone\StreamGear.Live\StreamGear.WebParent\StreamGear.Backend\src\test\resources
2021-09-03 17:11:09,331 [Worker-47: Building] INFO  o.e.m.c.i.embedder.EclipseLogger - Using 'UTF-8' encoding to copy filtered resources.
2021-09-03 17:11:09,332 [Worker-47: Building] INFO  o.e.m.c.i.embedder.EclipseLogger - Using 'UTF-8' encoding to copy filtered properties files.
2021-09-03 17:11:09,332 [Worker-47: Building] INFO  o.e.m.c.i.embedder.EclipseLogger - Copying 0 resource
2021-09-03 17:11:09,332 [Worker-47: Building] INFO  o.e.m.c.i.embedder.EclipseLogger - Copying 0 resource
2021-09-03 17:11:09,333 [Worker-47: Building] INFO  o.e.m.c.i.embedder.EclipseLogger - Using 'UTF-8' encoding to copy filtered resources.
2021-09-03 17:11:09,333 [Worker-47: Building] INFO  o.e.m.c.i.embedder.EclipseLogger - Using 'UTF-8' encoding to copy filtered properties files.
2021-09-03 17:11:09,333 [Worker-47: Building] INFO  o.e.m.c.i.embedder.EclipseLogger - skip non existing resourceDirectory C:\Users\sande\Desktop\Capstone\Claim-Academy-Capstone\StreamGear.Live\StreamGear.WebParent\StreamGear.Backend\src\test\resources
2021-09-03 17:11:19,735 [Worker-39: Building] INFO  o.e.m.c.i.embedder.EclipseLogger - Using 'UTF-8' encoding to copy filtered resources.
2021-09-03 17:11:19,735 [Worker-39: Building] INFO  o.e.m.c.i.embedder.EclipseLogger - Using 'UTF-8' encoding to copy filtered properties files.
2021-09-03 17:11:19,736 [Worker-39: Building] INFO  o.e.m.c.i.embedder.EclipseLogger - Copying 1 resource
2021-09-03 17:11:19,737 [Worker-39: Building] INFO  o.e.m.c.i.embedder.EclipseLogger - Copying 0 resource
2021-09-03 17:11:19,738 [Worker-39: Building] INFO  o.e.m.c.i.embedder.EclipseLogger - Using 'UTF-8' encoding to copy filtered resources.
2021-09-03 17:11:19,738 [Worker-39: Building] INFO  o.e.m.c.i.embedder.EclipseLogger - Using 'UTF-8' encoding to copy filtered properties files.
2021-09-03 17:11:19,738 [Worker-39: Building] INFO  o.e.m.c.i.embedder.EclipseLogger - skip non existing resourceDirectory C:\Users\sande\Desktop\Capstone\Claim-Academy-Capstone\StreamGear.Live\StreamGear.WebParent\StreamGear.Backend\src\test\resources
2021-09-03 17:11:33,694 [Worker-39: Building] INFO  o.e.m.c.i.embedder.EclipseLogger - Using 'UTF-8' encoding to copy filtered resources.
2021-09-03 17:11:33,694 [Worker-39: Building] INFO  o.e.m.c.i.embedder.EclipseLogger - Using 'UTF-8' encoding to copy filtered properties files.
2021-09-03 17:11:33,695 [Worker-39: Building] INFO  o.e.m.c.i.embedder.EclipseLogger - Copying 1 resource
2021-09-03 17:11:33,696 [Worker-39: Building] INFO  o.e.m.c.i.embedder.EclipseLogger - Copying 0 resource
2021-09-03 17:11:33,697 [Worker-39: Building] INFO  o.e.m.c.i.embedder.EclipseLogger - Using 'UTF-8' encoding to copy filtered resources.
2021-09-03 17:11:33,697 [Worker-39: Building] INFO  o.e.m.c.i.embedder.EclipseLogger - Using 'UTF-8' encoding to copy filtered properties files.
2021-09-03 17:11:33,697 [Worker-39: Building] INFO  o.e.m.c.i.embedder.EclipseLogger - skip non existing resourceDirectory C:\Users\sande\Desktop\Capstone\Claim-Academy-Capstone\StreamGear.Live\StreamGear.WebParent\StreamGear.Backend\src\test\resources
2021-09-03 17:14:34,335 [Worker-7: Loading available Gradle versions] INFO  o.e.b.c.i.u.g.PublishedGradleVersions - Gradle version information cache is up-to-date. Trying to read.
2021-09-03 17:15:56,916 [Worker-3: Loading available Gradle versions] INFO  o.e.b.c.i.u.g.PublishedGradleVersions - Gradle version information cache is up-to-date. Trying to read.
2021-09-03 17:16:27,456 [Worker-9: Building] INFO  o.e.m.c.i.embedder.EclipseLogger - Using 'UTF-8' encoding to copy filtered resources.
2021-09-03 17:16:27,457 [Worker-9: Building] INFO  o.e.m.c.i.embedder.EclipseLogger - Using 'UTF-8' encoding to copy filtered properties files.
2021-09-03 17:16:27,460 [Worker-9: Building] INFO  o.e.m.c.i.embedder.EclipseLogger - Copying 1 resource
2021-09-03 17:16:27,469 [Worker-9: Building] INFO  o.e.m.c.i.embedder.EclipseLogger - Copying 0 resource
2021-09-03 17:16:27,472 [Worker-9: Building] INFO  o.e.m.c.i.embedder.EclipseLogger - Using 'UTF-8' encoding to copy filtered resources.
2021-09-03 17:16:27,472 [Worker-9: Building] INFO  o.e.m.c.i.embedder.EclipseLogger - Using 'UTF-8' encoding to copy filtered properties files.
2021-09-03 17:16:27,472 [Worker-9: Building] INFO  o.e.m.c.i.embedder.EclipseLogger - skip non existing resourceDirectory C:\Users\sande\Desktop\Capstone\Claim-Academy-Capstone\StreamGear.Live\StreamGear.WebParent\StreamGear.Backend\src\test\resources
2021-09-03 17:16:27,994 [Worker-9: Building] INFO  o.e.m.c.i.embedder.EclipseLogger - Using 'UTF-8' encoding to copy filtered resources.
2021-09-03 17:16:27,994 [Worker-9: Building] INFO  o.e.m.c.i.embedder.EclipseLogger - Using 'UTF-8' encoding to copy filtered properties files.
2021-09-03 17:16:27,994 [Worker-9: Building] INFO  o.e.m.c.i.embedder.EclipseLogger - Copying 1 resource
2021-09-03 17:16:27,996 [Worker-9: Building] INFO  o.e.m.c.i.embedder.EclipseLogger - Copying 0 resource
2021-09-03 17:16:27,998 [Worker-9: Building] INFO  o.e.m.c.i.embedder.EclipseLogger - Using 'UTF-8' encoding to copy filtered resources.
2021-09-03 17:16:27,998 [Worker-9: Building] INFO  o.e.m.c.i.embedder.EclipseLogger - Using 'UTF-8' encoding to copy filtered properties files.
2021-09-03 17:16:27,998 [Worker-9: Building] INFO  o.e.m.c.i.embedder.EclipseLogger - skip non existing resourceDirectory C:\Users\sande\Desktop\Capstone\Claim-Academy-Capstone\StreamGear.Live\StreamGear.Common\src\test\resources
2021-09-03 17:16:40,990 [Worker-2: Building] INFO  o.e.m.c.i.embedder.EclipseLogger - Using 'UTF-8' encoding to copy filtered resources.
2021-09-03 17:16:40,990 [Worker-2: Building] INFO  o.e.m.c.i.embedder.EclipseLogger - Using 'UTF-8' encoding to copy filtered properties files.
2021-09-03 17:16:40,992 [Worker-2: Building] INFO  o.e.m.c.i.embedder.EclipseLogger - Copying 0 resource
2021-09-03 17:16:40,992 [Worker-2: Building] INFO  o.e.m.c.i.embedder.EclipseLogger - Copying 1 resource
2021-09-03 17:16:40,996 [Worker-2: Building] INFO  o.e.m.c.i.embedder.EclipseLogger - Using 'UTF-8' encoding to copy filtered resources.
2021-09-03 17:16:40,996 [Worker-2: Building] INFO  o.e.m.c.i.embedder.EclipseLogger - Using 'UTF-8' encoding to copy filtered properties files.
2021-09-03 17:16:40,996 [Worker-2: Building] INFO  o.e.m.c.i.embedder.EclipseLogger - skip non existing resourceDirectory C:\Users\sande\Desktop\Capstone\Claim-Academy-Capstone\StreamGear.Live\StreamGear.WebParent\StreamGear.Backend\src\test\resources
2021-09-03 17:17:34,903 [Worker-7: Building] INFO  o.e.m.c.i.embedder.EclipseLogger - Using 'UTF-8' encoding to copy filtered resources.
2021-09-03 17:17:34,903 [Worker-7: Building] INFO  o.e.m.c.i.embedder.EclipseLogger - Using 'UTF-8' encoding to copy filtered properties files.
2021-09-03 17:17:34,904 [Worker-7: Building] INFO  o.e.m.c.i.embedder.EclipseLogger - Copying 0 resource
2021-09-03 17:17:34,904 [Worker-7: Building] INFO  o.e.m.c.i.embedder.EclipseLogger - Copying 1 resource
2021-09-03 17:17:34,907 [Worker-7: Building] INFO  o.e.m.c.i.embedder.EclipseLogger - Using 'UTF-8' encoding to copy filtered resources.
2021-09-03 17:17:34,907 [Worker-7: Building] INFO  o.e.m.c.i.embedder.EclipseLogger - Using 'UTF-8' encoding to copy filtered properties files.
2021-09-03 17:17:34,908 [Worker-7: Building] INFO  o.e.m.c.i.embedder.EclipseLogger - skip non existing resourceDirectory C:\Users\sande\Desktop\Capstone\Claim-Academy-Capstone\StreamGear.Live\StreamGear.WebParent\StreamGear.Backend\src\test\resources
2021-09-03 17:21:45,021 [Worker-1: Import Getting Started Content] INFO  o.e.m.c.i.l.LifecycleMappingFactory - Using org.eclipse.m2e.jdt.JarLifecycleMapping lifecycle mapping for MavenProject: live.streamgear:StreamGear.Frontend:0.0.1-SNAPSHOT @ C:\Users\sande\Desktop\Capstone\Claim-Academy-Capstone\StreamGear.Live\StreamGear.WebParent\StreamGear.Frontend\pom.xml.
2021-09-03 17:21:45,425 [Worker-1: Import Getting Started Content] INFO  o.e.m.j.i.AbstractJavaProjectConfigurator - Adding source folder /StreamGear.Frontend/src/main/java
2021-09-03 17:21:45,425 [Worker-1: Import Getting Started Content] INFO  o.e.m.j.i.AbstractJavaProjectConfigurator - Adding resource folder /StreamGear.Frontend/src/main/resources
2021-09-03 17:21:45,431 [Worker-1: Import Getting Started Content] INFO  o.e.m.j.i.AbstractJavaProjectConfigurator - Adding resource folder /StreamGear.Frontend/src/main/resources
2021-09-03 17:21:45,439 [Worker-1: Import Getting Started Content] INFO  o.e.m.j.i.AbstractJavaProjectConfigurator - Adding source folder /StreamGear.Frontend/src/test/java
2021-09-03 17:21:45,723 [Worker-1: Import Getting Started Content] INFO  o.e.m.c.i.p.ProjectConfigurationManager - Imported and configured 1 project(s) in 1 sec
2021-09-03 17:21:45,727 [Worker-1: Import Getting Started Content] INFO  o.e.m.c.i.p.ProjectConfigurationManager - Update started
2021-09-03 17:21:46,037 [Worker-1: Import Getting Started Content] INFO  o.e.m.c.i.l.LifecycleMappingFactory - Using org.eclipse.m2e.jdt.JarLifecycleMapping lifecycle mapping for MavenProject: live.streamgear:StreamGear.Frontend:0.0.1-SNAPSHOT @ C:\Users\sande\Desktop\Capstone\Claim-Academy-Capstone\StreamGear.Live\StreamGear.WebParent\StreamGear.Frontend\pom.xml.
2021-09-03 17:21:46,345 [Worker-1: Import Getting Started Content] INFO  o.e.m.j.i.AbstractJavaProjectConfigurator - Adding source folder /StreamGear.Frontend/src/main/java
2021-09-03 17:21:46,345 [Worker-1: Import Getting Started Content] INFO  o.e.m.j.i.AbstractJavaProjectConfigurator - Adding resource folder /StreamGear.Frontend/src/main/resources
2021-09-03 17:21:46,346 [Worker-1: Import Getting Started Content] INFO  o.e.m.j.i.AbstractJavaProjectConfigurator - Adding resource folder /StreamGear.Frontend/src/main/resources
2021-09-03 17:21:46,348 [Worker-1: Import Getting Started Content] INFO  o.e.m.j.i.AbstractJavaProjectConfigurator - Adding source folder /StreamGear.Frontend/src/test/java
2021-09-03 17:21:46,538 [Worker-1: Import Getting Started Content] INFO  o.e.m.c.i.p.ProjectConfigurationManager - Update completed: 0 sec
2021-09-03 17:21:46,891 [Worker-6: Building] INFO  o.e.m.c.i.embedder.EclipseLogger - Using 'UTF-8' encoding to copy filtered resources.
2021-09-03 17:21:46,891 [Worker-6: Building] INFO  o.e.m.c.i.embedder.EclipseLogger - Using 'UTF-8' encoding to copy filtered properties files.
2021-09-03 17:21:46,892 [Worker-6: Building] INFO  o.e.m.c.i.embedder.EclipseLogger - Copying 1 resource
2021-09-03 17:21:46,893 [Worker-6: Building] INFO  o.e.m.c.i.embedder.EclipseLogger - Copying 0 resource
2021-09-03 17:21:46,895 [Worker-6: Building] INFO  o.e.m.c.i.embedder.EclipseLogger - Using 'UTF-8' encoding to copy filtered resources.
2021-09-03 17:21:46,896 [Worker-6: Building] INFO  o.e.m.c.i.embedder.EclipseLogger - Using 'UTF-8' encoding to copy filtered properties files.
2021-09-03 17:21:46,896 [Worker-6: Building] INFO  o.e.m.c.i.embedder.EclipseLogger - skip non existing resourceDirectory C:\Users\sande\Desktop\Capstone\Claim-Academy-Capstone\StreamGear.Live\StreamGear.WebParent\StreamGear.Frontend\src\test\resources
2021-09-03 17:22:30,682 [Worker-9: Building] INFO  o.e.m.c.i.l.LifecycleMappingFactory - Using org.eclipse.m2e.jdt.JarLifecycleMapping lifecycle mapping for MavenProject: live.streamgear:StreamGear.Frontend:0.0.1-SNAPSHOT @ C:\Users\sande\Desktop\Capstone\Claim-Academy-Capstone\StreamGear.Live\StreamGear.WebParent\StreamGear.Frontend\pom.xml.
2021-09-03 17:22:30,946 [Worker-9: Building] INFO  o.e.m.c.i.embedder.EclipseLogger - Using 'UTF-8' encoding to copy filtered resources.
2021-09-03 17:22:30,946 [Worker-9: Building] INFO  o.e.m.c.i.embedder.EclipseLogger - Using 'UTF-8' encoding to copy filtered properties files.
2021-09-03 17:22:30,946 [Worker-9: Building] INFO  o.e.m.c.i.embedder.EclipseLogger - Copying 0 resource
2021-09-03 17:22:30,946 [Worker-9: Building] INFO  o.e.m.c.i.embedder.EclipseLogger - Copying 0 resource
2021-09-03 17:22:30,948 [Worker-9: Building] INFO  o.e.m.c.i.embedder.EclipseLogger - Using 'UTF-8' encoding to copy filtered resources.
2021-09-03 17:22:30,948 [Worker-9: Building] INFO  o.e.m.c.i.embedder.EclipseLogger - Using 'UTF-8' encoding to copy filtered properties files.
2021-09-03 17:22:30,948 [Worker-9: Building] INFO  o.e.m.c.i.embedder.EclipseLogger - skip non existing resourceDirectory C:\Users\sande\Desktop\Capstone\Claim-Academy-Capstone\StreamGear.Live\StreamGear.WebParent\StreamGear.Frontend\src\test\resources
2021-09-03 17:22:31,513 [Worker-1: Building] INFO  o.e.m.c.i.embedder.EclipseLogger - Using 'UTF-8' encoding to copy filtered resources.
2021-09-03 17:22:31,513 [Worker-1: Building] INFO  o.e.m.c.i.embedder.EclipseLogger - Using 'UTF-8' encoding to copy filtered properties files.
2021-09-03 17:22:31,514 [Worker-1: Building] INFO  o.e.m.c.i.embedder.EclipseLogger - Copying 1 resource
2021-09-03 17:22:31,515 [Worker-1: Building] INFO  o.e.m.c.i.embedder.EclipseLogger - Copying 0 resource
2021-09-03 17:22:31,516 [Worker-1: Building] INFO  o.e.m.c.i.embedder.EclipseLogger - Using 'UTF-8' encoding to copy filtered resources.
2021-09-03 17:22:31,517 [Worker-1: Building] INFO  o.e.m.c.i.embedder.EclipseLogger - Using 'UTF-8' encoding to copy filtered properties files.
2021-09-03 17:22:31,517 [Worker-1: Building] INFO  o.e.m.c.i.embedder.EclipseLogger - skip non existing resourceDirectory C:\Users\sande\Desktop\Capstone\Claim-Academy-Capstone\StreamGear.Live\StreamGear.WebParent\StreamGear.Frontend\src\test\resources
2021-09-03 17:22:43,448 [Worker-2: Building] INFO  o.e.m.c.i.l.LifecycleMappingFactory - Using org.eclipse.m2e.jdt.JarLifecycleMapping lifecycle mapping for MavenProject: live.streamgear:StreamGear.Frontend:0.0.1-SNAPSHOT @ C:\Users\sande\Desktop\Capstone\Claim-Academy-Capstone\StreamGear.Live\StreamGear.WebParent\StreamGear.Frontend\pom.xml.
2021-09-03 17:22:43,728 [Worker-2: Building] INFO  o.e.m.c.i.embedder.EclipseLogger - Using 'UTF-8' encoding to copy filtered resources.
2021-09-03 17:22:43,729 [Worker-2: Building] INFO  o.e.m.c.i.embedder.EclipseLogger - Using 'UTF-8' encoding to copy filtered properties files.
2021-09-03 17:22:43,729 [Worker-2: Building] INFO  o.e.m.c.i.embedder.EclipseLogger - Copying 0 resource
2021-09-03 17:22:43,729 [Worker-2: Building] INFO  o.e.m.c.i.embedder.EclipseLogger - Copying 0 resource
2021-09-03 17:22:43,731 [Worker-2: Building] INFO  o.e.m.c.i.embedder.EclipseLogger - Using 'UTF-8' encoding to copy filtered resources.
2021-09-03 17:22:43,731 [Worker-2: Building] INFO  o.e.m.c.i.embedder.EclipseLogger - Using 'UTF-8' encoding to copy filtered properties files.
2021-09-03 17:22:43,732 [Worker-2: Building] INFO  o.e.m.c.i.embedder.EclipseLogger - skip non existing resourceDirectory C:\Users\sande\Desktop\Capstone\Claim-Academy-Capstone\StreamGear.Live\StreamGear.WebParent\StreamGear.Frontend\src\test\resources
2021-09-03 17:22:51,452 [Worker-10: Building] INFO  o.e.m.c.i.l.LifecycleMappingFactory - Using org.eclipse.m2e.jdt.JarLifecycleMapping lifecycle mapping for MavenProject: live.streamgear:StreamGear.Frontend:0.0.1-SNAPSHOT @ C:\Users\sande\Desktop\Capstone\Claim-Academy-Capstone\StreamGear.Live\StreamGear.WebParent\StreamGear.Frontend\pom.xml.
2021-09-03 17:22:51,722 [Worker-10: Building] INFO  o.e.m.c.i.embedder.EclipseLogger - Using 'UTF-8' encoding to copy filtered resources.
2021-09-03 17:22:51,722 [Worker-10: Building] INFO  o.e.m.c.i.embedder.EclipseLogger - Using 'UTF-8' encoding to copy filtered properties files.
2021-09-03 17:22:51,722 [Worker-10: Building] INFO  o.e.m.c.i.embedder.EclipseLogger - Copying 0 resource
2021-09-03 17:22:51,722 [Worker-10: Building] INFO  o.e.m.c.i.embedder.EclipseLogger - Copying 0 resource
2021-09-03 17:22:51,724 [Worker-10: Building] INFO  o.e.m.c.i.embedder.EclipseLogger - Using 'UTF-8' encoding to copy filtered resources.
2021-09-03 17:22:51,724 [Worker-10: Building] INFO  o.e.m.c.i.embedder.EclipseLogger - Using 'UTF-8' encoding to copy filtered properties files.
2021-09-03 17:22:51,724 [Worker-10: Building] INFO  o.e.m.c.i.embedder.EclipseLogger - skip non existing resourceDirectory C:\Users\sande\Desktop\Capstone\Claim-Academy-Capstone\StreamGear.Live\StreamGear.WebParent\StreamGear.Frontend\src\test\resources
2021-09-03 17:24:13,137 [Worker-2: Building] INFO  o.e.m.c.i.embedder.EclipseLogger - Using 'UTF-8' encoding to copy filtered resources.
2021-09-03 17:24:13,137 [Worker-2: Building] INFO  o.e.m.c.i.embedder.EclipseLogger - Using 'UTF-8' encoding to copy filtered properties files.
2021-09-03 17:24:13,138 [Worker-2: Building] INFO  o.e.m.c.i.embedder.EclipseLogger - Copying 1 resource
2021-09-03 17:24:13,150 [Worker-2: Building] INFO  o.e.m.c.i.embedder.EclipseLogger - Copying 0 resource
2021-09-03 17:24:13,153 [Worker-2: Building] INFO  o.e.m.c.i.embedder.EclipseLogger - Using 'UTF-8' encoding to copy filtered resources.
2021-09-03 17:24:13,153 [Worker-2: Building] INFO  o.e.m.c.i.embedder.EclipseLogger - Using 'UTF-8' encoding to copy filtered properties files.
2021-09-03 17:24:13,154 [Worker-2: Building] INFO  o.e.m.c.i.embedder.EclipseLogger - skip non existing resourceDirectory C:\Users\sande\Desktop\Capstone\Claim-Academy-Capstone\StreamGear.Live\StreamGear.WebParent\StreamGear.Frontend\src\test\resources
2021-09-03 17:24:28,714 [Worker-3: Building] INFO  o.e.m.c.i.embedder.EclipseLogger - Using 'UTF-8' encoding to copy filtered resources.
2021-09-03 17:24:28,714 [Worker-3: Building] INFO  o.e.m.c.i.embedder.EclipseLogger - Using 'UTF-8' encoding to copy filtered properties files.
2021-09-03 17:24:28,715 [Worker-3: Building] INFO  o.e.m.c.i.embedder.EclipseLogger - Copying 1 resource
2021-09-03 17:24:28,722 [Worker-3: Building] INFO  o.e.m.c.i.embedder.EclipseLogger - Copying 0 resource
2021-09-03 17:24:28,724 [Worker-3: Building] INFO  o.e.m.c.i.embedder.EclipseLogger - Using 'UTF-8' encoding to copy filtered resources.
2021-09-03 17:24:28,724 [Worker-3: Building] INFO  o.e.m.c.i.embedder.EclipseLogger - Using 'UTF-8' encoding to copy filtered properties files.
2021-09-03 17:24:28,724 [Worker-3: Building] INFO  o.e.m.c.i.embedder.EclipseLogger - skip non existing resourceDirectory C:\Users\sande\Desktop\Capstone\Claim-Academy-Capstone\StreamGear.Live\StreamGear.WebParent\StreamGear.Frontend\src\test\resources
2021-09-03 17:25:24,189 [Worker-3: Building] INFO  o.e.m.c.i.embedder.EclipseLogger - Using 'UTF-8' encoding to copy filtered resources.
2021-09-03 17:25:24,189 [Worker-3: Building] INFO  o.e.m.c.i.embedder.EclipseLogger - Using 'UTF-8' encoding to copy filtered properties files.
2021-09-03 17:25:24,189 [Worker-3: Building] INFO  o.e.m.c.i.embedder.EclipseLogger - Copying 1 resource
2021-09-03 17:25:24,204 [Worker-3: Building] INFO  o.e.m.c.i.embedder.EclipseLogger - Copying 0 resource
2021-09-03 17:25:24,208 [Worker-3: Building] INFO  o.e.m.c.i.embedder.EclipseLogger - Using 'UTF-8' encoding to copy filtered resources.
2021-09-03 17:25:24,208 [Worker-3: Building] INFO  o.e.m.c.i.embedder.EclipseLogger - Using 'UTF-8' encoding to copy filtered properties files.
2021-09-03 17:25:24,208 [Worker-3: Building] INFO  o.e.m.c.i.embedder.EclipseLogger - skip non existing resourceDirectory C:\Users\sande\Desktop\Capstone\Claim-Academy-Capstone\StreamGear.Live\StreamGear.WebParent\StreamGear.Frontend\src\test\resources
2021-09-03 17:26:17,418 [Worker-1: Building] INFO  o.e.m.c.i.embedder.EclipseLogger - Using 'UTF-8' encoding to copy filtered resources.
2021-09-03 17:26:17,418 [Worker-1: Building] INFO  o.e.m.c.i.embedder.EclipseLogger - Using 'UTF-8' encoding to copy filtered properties files.
2021-09-03 17:26:17,418 [Worker-1: Building] INFO  o.e.m.c.i.embedder.EclipseLogger - Copying 0 resource
2021-09-03 17:26:17,418 [Worker-1: Building] INFO  o.e.m.c.i.embedder.EclipseLogger - Copying 1 resource
2021-09-03 17:26:17,421 [Worker-1: Building] INFO  o.e.m.c.i.embedder.EclipseLogger - Using 'UTF-8' encoding to copy filtered resources.
2021-09-03 17:26:17,422 [Worker-1: Building] INFO  o.e.m.c.i.embedder.EclipseLogger - Using 'UTF-8' encoding to copy filtered properties files.
2021-09-03 17:26:17,422 [Worker-1: Building] INFO  o.e.m.c.i.embedder.EclipseLogger - skip non existing resourceDirectory C:\Users\sande\Desktop\Capstone\Claim-Academy-Capstone\StreamGear.Live\StreamGear.WebParent\StreamGear.Frontend\src\test\resources
2021-09-03 17:27:01,714 [Worker-2: Building] INFO  o.e.m.c.i.embedder.EclipseLogger - Using 'UTF-8' encoding to copy filtered resources.
2021-09-03 17:27:01,714 [Worker-2: Building] INFO  o.e.m.c.i.embedder.EclipseLogger - Using 'UTF-8' encoding to copy filtered properties files.
2021-09-03 17:27:01,714 [Worker-2: Building] INFO  o.e.m.c.i.embedder.EclipseLogger - Copying 0 resource
2021-09-03 17:27:01,714 [Worker-2: Building] INFO  o.e.m.c.i.embedder.EclipseLogger - Copying 1 resource
2021-09-03 17:27:01,717 [Worker-2: Building] INFO  o.e.m.c.i.embedder.EclipseLogger - Using 'UTF-8' encoding to copy filtered resources.
2021-09-03 17:27:01,717 [Worker-2: Building] INFO  o.e.m.c.i.embedder.EclipseLogger - Using 'UTF-8' encoding to copy filtered properties files.
2021-09-03 17:27:01,718 [Worker-2: Building] INFO  o.e.m.c.i.embedder.EclipseLogger - skip non existing resourceDirectory C:\Users\sande\Desktop\Capstone\Claim-Academy-Capstone\StreamGear.Live\StreamGear.WebParent\StreamGear.Frontend\src\test\resources
2021-09-03 17:27:17,083 [Worker-2: Building] INFO  o.e.m.c.i.embedder.EclipseLogger - Using 'UTF-8' encoding to copy filtered resources.
2021-09-03 17:27:17,083 [Worker-2: Building] INFO  o.e.m.c.i.embedder.EclipseLogger - Using 'UTF-8' encoding to copy filtered properties files.
2021-09-03 17:27:17,084 [Worker-2: Building] INFO  o.e.m.c.i.embedder.EclipseLogger - Copying 1 resource
2021-09-03 17:27:17,097 [Worker-2: Building] INFO  o.e.m.c.i.embedder.EclipseLogger - Copying 1 resource
2021-09-03 17:27:17,100 [Worker-2: Building] INFO  o.e.m.c.i.embedder.EclipseLogger - Using 'UTF-8' encoding to copy filtered resources.
2021-09-03 17:27:17,100 [Worker-2: Building] INFO  o.e.m.c.i.embedder.EclipseLogger - Using 'UTF-8' encoding to copy filtered properties files.
2021-09-03 17:27:17,100 [Worker-2: Building] INFO  o.e.m.c.i.embedder.EclipseLogger - skip non existing resourceDirectory C:\Users\sande\Desktop\Capstone\Claim-Academy-Capstone\StreamGear.Live\StreamGear.WebParent\StreamGear.Frontend\src\test\resources
2021-09-03 17:28:12,279 [Worker-6: Building] INFO  o.e.m.c.i.embedder.EclipseLogger - Using 'UTF-8' encoding to copy filtered resources.
2021-09-03 17:28:12,279 [Worker-6: Building] INFO  o.e.m.c.i.embedder.EclipseLogger - Using 'UTF-8' encoding to copy filtered properties files.
2021-09-03 17:28:12,280 [Worker-6: Building] INFO  o.e.m.c.i.embedder.EclipseLogger - Copying 1 resource
2021-09-03 17:28:12,294 [Worker-6: Building] INFO  o.e.m.c.i.embedder.EclipseLogger - Copying 1 resource
2021-09-03 17:28:12,298 [Worker-6: Building] INFO  o.e.m.c.i.embedder.EclipseLogger - Using 'UTF-8' encoding to copy filtered resources.
2021-09-03 17:28:12,298 [Worker-6: Building] INFO  o.e.m.c.i.embedder.EclipseLogger - Using 'UTF-8' encoding to copy filtered properties files.
2021-09-03 17:28:12,299 [Worker-6: Building] INFO  o.e.m.c.i.embedder.EclipseLogger - skip non existing resourceDirectory C:\Users\sande\Desktop\Capstone\Claim-Academy-Capstone\StreamGear.Live\StreamGear.WebParent\StreamGear.Frontend\src\test\resources
2021-09-03 17:28:22,892 [Worker-4: Building] INFO  o.e.m.c.i.embedder.EclipseLogger - Using 'UTF-8' encoding to copy filtered resources.
2021-09-03 17:28:22,892 [Worker-4: Building] INFO  o.e.m.c.i.embedder.EclipseLogger - Using 'UTF-8' encoding to copy filtered properties files.
2021-09-03 17:28:22,893 [Worker-4: Building] INFO  o.e.m.c.i.embedder.EclipseLogger - Copying 1 resource
2021-09-03 17:28:22,903 [Worker-4: Building] INFO  o.e.m.c.i.embedder.EclipseLogger - Copying 1 resource
2021-09-03 17:28:22,906 [Worker-4: Building] INFO  o.e.m.c.i.embedder.EclipseLogger - Using 'UTF-8' encoding to copy filtered resources.
2021-09-03 17:28:22,906 [Worker-4: Building] INFO  o.e.m.c.i.embedder.EclipseLogger - Using 'UTF-8' encoding to copy filtered properties files.
2021-09-03 17:28:22,906 [Worker-4: Building] INFO  o.e.m.c.i.embedder.EclipseLogger - skip non existing resourceDirectory C:\Users\sande\Desktop\Capstone\Claim-Academy-Capstone\StreamGear.Live\StreamGear.WebParent\StreamGear.Frontend\src\test\resources
2021-09-03 17:31:09,214 [Worker-3: Launching Executing install in C__Users_sande_Desktop_Capstone_Claim-Academy-Capstone_StreamGear.Live] INFO  o.e.m.i.launch.MavenLaunchDelegate - C:\Users\sande\Desktop\Capstone\Claim-Academy-Capstone\StreamGear.Live
2021-09-03 17:31:09,215 [Worker-3: Launching Executing install in C__Users_sande_Desktop_Capstone_Claim-Academy-Capstone_StreamGear.Live] INFO  o.e.m.i.launch.MavenLaunchDelegate -  mvn -B install -Dstyle.color=always
2021-09-03 17:31:20,670 [Worker-4: Building] INFO  o.e.m.c.i.embedder.EclipseLogger - Using 'UTF-8' encoding to copy filtered resources.
2021-09-03 17:31:20,670 [Worker-4: Building] INFO  o.e.m.c.i.embedder.EclipseLogger - Using 'UTF-8' encoding to copy filtered properties files.
2021-09-03 17:31:20,671 [Worker-4: Building] INFO  o.e.m.c.i.embedder.EclipseLogger - Copying 1 resource
2021-09-03 17:31:20,673 [Worker-4: Building] INFO  o.e.m.c.i.embedder.EclipseLogger - Copying 1 resource
2021-09-03 17:31:20,679 [Worker-4: Building] INFO  o.e.m.c.i.embedder.EclipseLogger - Using 'UTF-8' encoding to copy filtered resources.
2021-09-03 17:31:20,679 [Worker-4: Building] INFO  o.e.m.c.i.embedder.EclipseLogger - Using 'UTF-8' encoding to copy filtered properties files.
2021-09-03 17:31:20,679 [Worker-4: Building] INFO  o.e.m.c.i.embedder.EclipseLogger - skip non existing resourceDirectory C:\Users\sande\Desktop\Capstone\Claim-Academy-Capstone\StreamGear.Live\StreamGear.WebParent\StreamGear.Backend\src\test\resources
2021-09-03 17:31:20,718 [Worker-4: Building] INFO  o.e.m.c.i.embedder.EclipseLogger - Using 'UTF-8' encoding to copy filtered resources.
2021-09-03 17:31:20,718 [Worker-4: Building] INFO  o.e.m.c.i.embedder.EclipseLogger - Using 'UTF-8' encoding to copy filtered properties files.
2021-09-03 17:31:20,719 [Worker-4: Building] INFO  o.e.m.c.i.embedder.EclipseLogger - Copying 1 resource
2021-09-03 17:31:20,720 [Worker-4: Building] INFO  o.e.m.c.i.embedder.EclipseLogger - Copying 0 resource
2021-09-03 17:31:20,721 [Worker-4: Building] INFO  o.e.m.c.i.embedder.EclipseLogger - Using 'UTF-8' encoding to copy filtered resources.
2021-09-03 17:31:20,721 [Worker-4: Building] INFO  o.e.m.c.i.embedder.EclipseLogger - Using 'UTF-8' encoding to copy filtered properties files.
2021-09-03 17:31:20,721 [Worker-4: Building] INFO  o.e.m.c.i.embedder.EclipseLogger - skip non existing resourceDirectory C:\Users\sande\Desktop\Capstone\Claim-Academy-Capstone\StreamGear.Live\StreamGear.Common\src\test\resources
2021-09-03 17:32:36,736 [Worker-4: Launching Executing install in C__Users_sande_Desktop_Capstone_Claim-Academy-Capstone_StreamGear.Live] INFO  o.e.m.i.launch.MavenLaunchDelegate - C:\Users\sande\Desktop\Capstone\Claim-Academy-Capstone\StreamGear.Live
2021-09-03 17:32:36,736 [Worker-4: Launching Executing install in C__Users_sande_Desktop_Capstone_Claim-Academy-Capstone_StreamGear.Live] INFO  o.e.m.i.launch.MavenLaunchDelegate -  mvn -B install -Dstyle.color=always
2021-09-03 17:32:40,166 [Worker-18: Building] INFO  o.e.m.c.i.embedder.EclipseLogger - Using 'UTF-8' encoding to copy filtered resources.
2021-09-03 17:32:40,166 [Worker-18: Building] INFO  o.e.m.c.i.embedder.EclipseLogger - Using 'UTF-8' encoding to copy filtered properties files.
2021-09-03 17:32:40,166 [Worker-18: Building] INFO  o.e.m.c.i.embedder.EclipseLogger - Copying 0 resource
2021-09-03 17:32:40,166 [Worker-18: Building] INFO  o.e.m.c.i.embedder.EclipseLogger - Copying 0 resource
2021-09-03 17:32:40,168 [Worker-18: Building] INFO  o.e.m.c.i.embedder.EclipseLogger - Using 'UTF-8' encoding to copy filtered resources.
2021-09-03 17:32:40,168 [Worker-18: Building] INFO  o.e.m.c.i.embedder.EclipseLogger - Using 'UTF-8' encoding to copy filtered properties files.
2021-09-03 17:32:40,168 [Worker-18: Building] INFO  o.e.m.c.i.embedder.EclipseLogger - skip non existing resourceDirectory C:\Users\sande\Desktop\Capstone\Claim-Academy-Capstone\StreamGear.Live\StreamGear.WebParent\StreamGear.Backend\src\test\resources
2021-09-03 17:32:40,173 [Worker-18: Building] INFO  o.e.m.c.i.embedder.EclipseLogger - Using 'UTF-8' encoding to copy filtered resources.
2021-09-03 17:32:40,173 [Worker-18: Building] INFO  o.e.m.c.i.embedder.EclipseLogger - Using 'UTF-8' encoding to copy filtered properties files.
2021-09-03 17:32:40,173 [Worker-18: Building] INFO  o.e.m.c.i.embedder.EclipseLogger - Copying 0 resource
2021-09-03 17:32:40,173 [Worker-18: Building] INFO  o.e.m.c.i.embedder.EclipseLogger - Copying 0 resource
2021-09-03 17:32:40,174 [Worker-18: Building] INFO  o.e.m.c.i.embedder.EclipseLogger - Using 'UTF-8' encoding to copy filtered resources.
2021-09-03 17:32:40,174 [Worker-18: Building] INFO  o.e.m.c.i.embedder.EclipseLogger - Using 'UTF-8' encoding to copy filtered properties files.
2021-09-03 17:32:40,174 [Worker-18: Building] INFO  o.e.m.c.i.embedder.EclipseLogger - skip non existing resourceDirectory C:\Users\sande\Desktop\Capstone\Claim-Academy-Capstone\StreamGear.Live\StreamGear.Common\src\test\resources
2021-09-03 17:33:07,356 [Worker-16: Building] INFO  o.e.m.c.i.l.LifecycleMappingFactory - Using NULL lifecycle mapping for MavenProject: live.streamgear:StreamGear.WebParent:0.0.1-SNAPSHOT @ C:\Users\sande\Desktop\Capstone\Claim-Academy-Capstone\StreamGear.Live\StreamGear.WebParent\pom.xml.
2021-09-03 17:33:07,643 [Worker-16: Building] INFO  o.e.m.c.i.l.LifecycleMappingFactory - Using org.eclipse.m2e.jdt.JarLifecycleMapping lifecycle mapping for MavenProject: live.streamgear:StreamGear.Backend:0.0.1-SNAPSHOT @ C:\Users\sande\Desktop\Capstone\Claim-Academy-Capstone\StreamGear.Live\StreamGear.WebParent\StreamGear.Backend\pom.xml.
2021-09-03 17:33:07,813 [Worker-16: Building] INFO  o.e.m.c.i.l.LifecycleMappingFactory - Using org.eclipse.m2e.jdt.JarLifecycleMapping lifecycle mapping for MavenProject: live.streamgear:StreamGear.Frontend:0.0.1-SNAPSHOT @ C:\Users\sande\Desktop\Capstone\Claim-Academy-Capstone\StreamGear.Live\StreamGear.WebParent\StreamGear.Frontend\pom.xml.
2021-09-03 17:33:09,511 [Worker-18: Building] INFO  o.e.m.c.i.embedder.EclipseLogger - Using 'UTF-8' encoding to copy filtered resources.
2021-09-03 17:33:09,511 [Worker-18: Building] INFO  o.e.m.c.i.embedder.EclipseLogger - Using 'UTF-8' encoding to copy filtered properties files.
2021-09-03 17:33:09,511 [Worker-18: Building] INFO  o.e.m.c.i.embedder.EclipseLogger - Copying 0 resource
2021-09-03 17:33:09,511 [Worker-18: Building] INFO  o.e.m.c.i.embedder.EclipseLogger - Copying 0 resource
2021-09-03 17:33:09,512 [Worker-18: Building] INFO  o.e.m.c.i.embedder.EclipseLogger - Using 'UTF-8' encoding to copy filtered resources.
2021-09-03 17:33:09,513 [Worker-18: Building] INFO  o.e.m.c.i.embedder.EclipseLogger - Using 'UTF-8' encoding to copy filtered properties files.
2021-09-03 17:33:09,513 [Worker-18: Building] INFO  o.e.m.c.i.embedder.EclipseLogger - skip non existing resourceDirectory C:\Users\sande\Desktop\Capstone\Claim-Academy-Capstone\StreamGear.Live\StreamGear.WebParent\StreamGear.Backend\src\test\resources
2021-09-03 17:33:09,653 [Worker-18: Building] INFO  o.e.m.c.i.embedder.EclipseLogger - Using 'UTF-8' encoding to copy filtered resources.
2021-09-03 17:33:09,653 [Worker-18: Building] INFO  o.e.m.c.i.embedder.EclipseLogger - Using 'UTF-8' encoding to copy filtered properties files.
2021-09-03 17:33:09,654 [Worker-18: Building] INFO  o.e.m.c.i.embedder.EclipseLogger - Copying 0 resource
2021-09-03 17:33:09,654 [Worker-18: Building] INFO  o.e.m.c.i.embedder.EclipseLogger - Copying 0 resource
2021-09-03 17:33:09,655 [Worker-18: Building] INFO  o.e.m.c.i.embedder.EclipseLogger - Using 'UTF-8' encoding to copy filtered resources.
2021-09-03 17:33:09,655 [Worker-18: Building] INFO  o.e.m.c.i.embedder.EclipseLogger - Using 'UTF-8' encoding to copy filtered properties files.
2021-09-03 17:33:09,655 [Worker-18: Building] INFO  o.e.m.c.i.embedder.EclipseLogger - skip non existing resourceDirectory C:\Users\sande\Desktop\Capstone\Claim-Academy-Capstone\StreamGear.Live\StreamGear.WebParent\StreamGear.Frontend\src\test\resources
2021-09-03 17:33:16,190 [Worker-16: Launching Executing install in C__Users_sande_Desktop_Capstone_Claim-Academy-Capstone_StreamGear.Live] INFO  o.e.m.i.launch.MavenLaunchDelegate - C:\Users\sande\Desktop\Capstone\Claim-Academy-Capstone\StreamGear.Live
2021-09-03 17:33:16,190 [Worker-16: Launching Executing install in C__Users_sande_Desktop_Capstone_Claim-Academy-Capstone_StreamGear.Live] INFO  o.e.m.i.launch.MavenLaunchDelegate -  mvn -B install -Dstyle.color=always
2021-09-03 17:33:23,856 [Worker-1: Building] INFO  o.e.m.c.i.embedder.EclipseLogger - Using 'UTF-8' encoding to copy filtered resources.
2021-09-03 17:33:23,856 [Worker-1: Building] INFO  o.e.m.c.i.embedder.EclipseLogger - Using 'UTF-8' encoding to copy filtered properties files.
2021-09-03 17:33:23,856 [Worker-1: Building] INFO  o.e.m.c.i.embedder.EclipseLogger - Copying 0 resource
2021-09-03 17:33:23,856 [Worker-1: Building] INFO  o.e.m.c.i.embedder.EclipseLogger - Copying 0 resource
2021-09-03 17:33:23,858 [Worker-1: Building] INFO  o.e.m.c.i.embedder.EclipseLogger - Using 'UTF-8' encoding to copy filtered resources.
2021-09-03 17:33:23,858 [Worker-1: Building] INFO  o.e.m.c.i.embedder.EclipseLogger - Using 'UTF-8' encoding to copy filtered properties files.
2021-09-03 17:33:23,859 [Worker-1: Building] INFO  o.e.m.c.i.embedder.EclipseLogger - skip non existing resourceDirectory C:\Users\sande\Desktop\Capstone\Claim-Academy-Capstone\StreamGear.Live\StreamGear.WebParent\StreamGear.Backend\src\test\resources
2021-09-03 17:33:23,865 [Worker-1: Building] INFO  o.e.m.c.i.embedder.EclipseLogger - Using 'UTF-8' encoding to copy filtered resources.
2021-09-03 17:33:23,865 [Worker-1: Building] INFO  o.e.m.c.i.embedder.EclipseLogger - Using 'UTF-8' encoding to copy filtered properties files.
2021-09-03 17:33:23,865 [Worker-1: Building] INFO  o.e.m.c.i.embedder.EclipseLogger - Copying 0 resource
2021-09-03 17:33:23,865 [Worker-1: Building] INFO  o.e.m.c.i.embedder.EclipseLogger - Copying 0 resource
2021-09-03 17:33:23,866 [Worker-1: Building] INFO  o.e.m.c.i.embedder.EclipseLogger - Using 'UTF-8' encoding to copy filtered resources.
2021-09-03 17:33:23,866 [Worker-1: Building] INFO  o.e.m.c.i.embedder.EclipseLogger - Using 'UTF-8' encoding to copy filtered properties files.
2021-09-03 17:33:23,866 [Worker-1: Building] INFO  o.e.m.c.i.embedder.EclipseLogger - skip non existing resourceDirectory C:\Users\sande\Desktop\Capstone\Claim-Academy-Capstone\StreamGear.Live\StreamGear.Common\src\test\resources
2021-09-03 17:33:23,924 [Worker-1: Building] INFO  o.e.m.c.i.embedder.EclipseLogger - Using 'UTF-8' encoding to copy filtered resources.
2021-09-03 17:33:23,924 [Worker-1: Building] INFO  o.e.m.c.i.embedder.EclipseLogger - Using 'UTF-8' encoding to copy filtered properties files.
2021-09-03 17:33:23,925 [Worker-1: Building] INFO  o.e.m.c.i.embedder.EclipseLogger - Copying 1 resource
2021-09-03 17:33:23,926 [Worker-1: Building] INFO  o.e.m.c.i.embedder.EclipseLogger - Copying 1 resource
2021-09-03 17:33:23,929 [Worker-1: Building] INFO  o.e.m.c.i.embedder.EclipseLogger - Using 'UTF-8' encoding to copy filtered resources.
2021-09-03 17:33:23,929 [Worker-1: Building] INFO  o.e.m.c.i.embedder.EclipseLogger - Using 'UTF-8' encoding to copy filtered properties files.
2021-09-03 17:33:23,929 [Worker-1: Building] INFO  o.e.m.c.i.embedder.EclipseLogger - skip non existing resourceDirectory C:\Users\sande\Desktop\Capstone\Claim-Academy-Capstone\StreamGear.Live\StreamGear.WebParent\StreamGear.Frontend\src\test\resources
2021-09-03 17:34:07,415 [Worker-17: Building] INFO  o.e.m.c.i.l.LifecycleMappingFactory - Using NULL lifecycle mapping for MavenProject: live.streamgear:StreamGear.WebParent:0.0.1-SNAPSHOT @ C:\Users\sande\Desktop\Capstone\Claim-Academy-Capstone\StreamGear.Live\StreamGear.WebParent\pom.xml.
2021-09-03 17:34:07,761 [Worker-17: Building] INFO  o.e.m.c.i.l.LifecycleMappingFactory - Using org.eclipse.m2e.jdt.JarLifecycleMapping lifecycle mapping for MavenProject: live.streamgear:StreamGear.Backend:0.0.1-SNAPSHOT @ C:\Users\sande\Desktop\Capstone\Claim-Academy-Capstone\StreamGear.Live\StreamGear.WebParent\StreamGear.Backend\pom.xml.
2021-09-03 17:34:07,913 [Worker-17: Building] INFO  o.e.m.c.i.l.LifecycleMappingFactory - Using org.eclipse.m2e.jdt.JarLifecycleMapping lifecycle mapping for MavenProject: live.streamgear:StreamGear.Frontend:0.0.1-SNAPSHOT @ C:\Users\sande\Desktop\Capstone\Claim-Academy-Capstone\StreamGear.Live\StreamGear.WebParent\StreamGear.Frontend\pom.xml.
2021-09-03 17:34:09,779 [Worker-16: Building] INFO  o.e.m.c.i.embedder.EclipseLogger - Using 'UTF-8' encoding to copy filtered resources.
2021-09-03 17:34:09,779 [Worker-16: Building] INFO  o.e.m.c.i.embedder.EclipseLogger - Using 'UTF-8' encoding to copy filtered properties files.
2021-09-03 17:34:09,779 [Worker-16: Building] INFO  o.e.m.c.i.embedder.EclipseLogger - Copying 0 resource
2021-09-03 17:34:09,780 [Worker-16: Building] INFO  o.e.m.c.i.embedder.EclipseLogger - Copying 0 resource
2021-09-03 17:34:09,781 [Worker-16: Building] INFO  o.e.m.c.i.embedder.EclipseLogger - Using 'UTF-8' encoding to copy filtered resources.
2021-09-03 17:34:09,781 [Worker-16: Building] INFO  o.e.m.c.i.embedder.EclipseLogger - Using 'UTF-8' encoding to copy filtered properties files.
2021-09-03 17:34:09,781 [Worker-16: Building] INFO  o.e.m.c.i.embedder.EclipseLogger - skip non existing resourceDirectory C:\Users\sande\Desktop\Capstone\Claim-Academy-Capstone\StreamGear.Live\StreamGear.WebParent\StreamGear.Backend\src\test\resources
2021-09-03 17:34:09,915 [Worker-16: Building] INFO  o.e.m.c.i.embedder.EclipseLogger - Using 'UTF-8' encoding to copy filtered resources.
2021-09-03 17:34:09,915 [Worker-16: Building] INFO  o.e.m.c.i.embedder.EclipseLogger - Using 'UTF-8' encoding to copy filtered properties files.
2021-09-03 17:34:09,916 [Worker-16: Building] INFO  o.e.m.c.i.embedder.EclipseLogger - Copying 0 resource
2021-09-03 17:34:09,916 [Worker-16: Building] INFO  o.e.m.c.i.embedder.EclipseLogger - Copying 0 resource
2021-09-03 17:34:09,917 [Worker-16: Building] INFO  o.e.m.c.i.embedder.EclipseLogger - Using 'UTF-8' encoding to copy filtered resources.
2021-09-03 17:34:09,917 [Worker-16: Building] INFO  o.e.m.c.i.embedder.EclipseLogger - Using 'UTF-8' encoding to copy filtered properties files.
2021-09-03 17:34:09,917 [Worker-16: Building] INFO  o.e.m.c.i.embedder.EclipseLogger - skip non existing resourceDirectory C:\Users\sande\Desktop\Capstone\Claim-Academy-Capstone\StreamGear.Live\StreamGear.WebParent\StreamGear.Frontend\src\test\resources
2021-09-03 17:34:17,042 [Worker-16: Launching Executing install in C__Users_sande_Desktop_Capstone_Claim-Academy-Capstone_StreamGear.Live] INFO  o.e.m.i.launch.MavenLaunchDelegate - C:\Users\sande\Desktop\Capstone\Claim-Academy-Capstone\StreamGear.Live
2021-09-03 17:34:17,042 [Worker-16: Launching Executing install in C__Users_sande_Desktop_Capstone_Claim-Academy-Capstone_StreamGear.Live] INFO  o.e.m.i.launch.MavenLaunchDelegate -  mvn -B install -Dstyle.color=always
2021-09-03 17:34:20,114 [Worker-17: Building] INFO  o.e.m.c.i.embedder.EclipseLogger - Using 'UTF-8' encoding to copy filtered resources.
2021-09-03 17:34:20,114 [Worker-17: Building] INFO  o.e.m.c.i.embedder.EclipseLogger - Using 'UTF-8' encoding to copy filtered properties files.
2021-09-03 17:34:20,114 [Worker-17: Building] INFO  o.e.m.c.i.embedder.EclipseLogger - Copying 0 resource
2021-09-03 17:34:20,114 [Worker-17: Building] INFO  o.e.m.c.i.embedder.EclipseLogger - Copying 0 resource
2021-09-03 17:34:20,115 [Worker-17: Building] INFO  o.e.m.c.i.embedder.EclipseLogger - Using 'UTF-8' encoding to copy filtered resources.
2021-09-03 17:34:20,115 [Worker-17: Building] INFO  o.e.m.c.i.embedder.EclipseLogger - Using 'UTF-8' encoding to copy filtered properties files.
2021-09-03 17:34:20,115 [Worker-17: Building] INFO  o.e.m.c.i.embedder.EclipseLogger - skip non existing resourceDirectory C:\Users\sande\Desktop\Capstone\Claim-Academy-Capstone\StreamGear.Live\StreamGear.WebParent\StreamGear.Backend\src\test\resources
2021-09-03 17:34:20,120 [Worker-17: Building] INFO  o.e.m.c.i.embedder.EclipseLogger - Using 'UTF-8' encoding to copy filtered resources.
2021-09-03 17:34:20,121 [Worker-17: Building] INFO  o.e.m.c.i.embedder.EclipseLogger - Using 'UTF-8' encoding to copy filtered properties files.
2021-09-03 17:34:20,121 [Worker-17: Building] INFO  o.e.m.c.i.embedder.EclipseLogger - Copying 0 resource
2021-09-03 17:34:20,121 [Worker-17: Building] INFO  o.e.m.c.i.embedder.EclipseLogger - Copying 0 resource
2021-09-03 17:34:20,122 [Worker-17: Building] INFO  o.e.m.c.i.embedder.EclipseLogger - Using 'UTF-8' encoding to copy filtered resources.
2021-09-03 17:34:20,122 [Worker-17: Building] INFO  o.e.m.c.i.embedder.EclipseLogger - Using 'UTF-8' encoding to copy filtered properties files.
2021-09-03 17:34:20,122 [Worker-17: Building] INFO  o.e.m.c.i.embedder.EclipseLogger - skip non existing resourceDirectory C:\Users\sande\Desktop\Capstone\Claim-Academy-Capstone\StreamGear.Live\StreamGear.Common\src\test\resources
2021-09-03 17:35:58,023 [Worker-20: Building] INFO  o.e.m.c.i.l.LifecycleMappingFactory - Using NULL lifecycle mapping for MavenProject: live.streamgear:StreamGear.WebParent:0.0.1-SNAPSHOT @ C:\Users\sande\Desktop\Capstone\Claim-Academy-Capstone\StreamGear.Live\StreamGear.WebParent\pom.xml.
2021-09-03 17:35:58,364 [Worker-20: Building] INFO  o.e.m.c.i.l.LifecycleMappingFactory - Using org.eclipse.m2e.jdt.JarLifecycleMapping lifecycle mapping for MavenProject: live.streamgear:StreamGear.Backend:0.0.1-SNAPSHOT @ C:\Users\sande\Desktop\Capstone\Claim-Academy-Capstone\StreamGear.Live\StreamGear.WebParent\StreamGear.Backend\pom.xml.
2021-09-03 17:35:58,534 [Worker-20: Building] INFO  o.e.m.c.i.l.LifecycleMappingFactory - Using org.eclipse.m2e.jdt.JarLifecycleMapping lifecycle mapping for MavenProject: live.streamgear:StreamGear.Frontend:0.0.1-SNAPSHOT @ C:\Users\sande\Desktop\Capstone\Claim-Academy-Capstone\StreamGear.Live\StreamGear.WebParent\StreamGear.Frontend\pom.xml.
2021-09-03 17:36:00,284 [Worker-20: Building] INFO  o.e.m.c.i.embedder.EclipseLogger - Using 'UTF-8' encoding to copy filtered resources.
2021-09-03 17:36:00,284 [Worker-20: Building] INFO  o.e.m.c.i.embedder.EclipseLogger - Using 'UTF-8' encoding to copy filtered properties files.
2021-09-03 17:36:00,284 [Worker-20: Building] INFO  o.e.m.c.i.embedder.EclipseLogger - Copying 0 resource
2021-09-03 17:36:00,285 [Worker-20: Building] INFO  o.e.m.c.i.embedder.EclipseLogger - Copying 0 resource
2021-09-03 17:36:00,286 [Worker-20: Building] INFO  o.e.m.c.i.embedder.EclipseLogger - Using 'UTF-8' encoding to copy filtered resources.
2021-09-03 17:36:00,286 [Worker-20: Building] INFO  o.e.m.c.i.embedder.EclipseLogger - Using 'UTF-8' encoding to copy filtered properties files.
2021-09-03 17:36:00,286 [Worker-20: Building] INFO  o.e.m.c.i.embedder.EclipseLogger - skip non existing resourceDirectory C:\Users\sande\Desktop\Capstone\Claim-Academy-Capstone\StreamGear.Live\StreamGear.WebParent\StreamGear.Backend\src\test\resources
2021-09-03 17:36:00,435 [Worker-20: Building] INFO  o.e.m.c.i.embedder.EclipseLogger - Using 'UTF-8' encoding to copy filtered resources.
2021-09-03 17:36:00,435 [Worker-20: Building] INFO  o.e.m.c.i.embedder.EclipseLogger - Using 'UTF-8' encoding to copy filtered properties files.
2021-09-03 17:36:00,436 [Worker-20: Building] INFO  o.e.m.c.i.embedder.EclipseLogger - Copying 0 resource
2021-09-03 17:36:00,436 [Worker-20: Building] INFO  o.e.m.c.i.embedder.EclipseLogger - Copying 0 resource
2021-09-03 17:36:00,437 [Worker-20: Building] INFO  o.e.m.c.i.embedder.EclipseLogger - Using 'UTF-8' encoding to copy filtered resources.
2021-09-03 17:36:00,437 [Worker-20: Building] INFO  o.e.m.c.i.embedder.EclipseLogger - Using 'UTF-8' encoding to copy filtered properties files.
2021-09-03 17:36:00,437 [Worker-20: Building] INFO  o.e.m.c.i.embedder.EclipseLogger - skip non existing resourceDirectory C:\Users\sande\Desktop\Capstone\Claim-Academy-Capstone\StreamGear.Live\StreamGear.WebParent\StreamGear.Frontend\src\test\resources
2021-09-03 17:36:49,835 [Worker-17: Building] INFO  o.e.m.c.i.embedder.EclipseLogger - Using 'UTF-8' encoding to copy filtered resources.
2021-09-03 17:36:49,835 [Worker-17: Building] INFO  o.e.m.c.i.embedder.EclipseLogger - Using 'UTF-8' encoding to copy filtered properties files.
2021-09-03 17:36:49,836 [Worker-17: Building] INFO  o.e.m.c.i.embedder.EclipseLogger - Copying 0 resource
2021-09-03 17:36:49,836 [Worker-17: Building] INFO  o.e.m.c.i.embedder.EclipseLogger - Copying 0 resource
2021-09-03 17:36:49,838 [Worker-17: Building] INFO  o.e.m.c.i.embedder.EclipseLogger - Using 'UTF-8' encoding to copy filtered resources.
2021-09-03 17:36:49,838 [Worker-17: Building] INFO  o.e.m.c.i.embedder.EclipseLogger - Using 'UTF-8' encoding to copy filtered properties files.
2021-09-03 17:36:49,838 [Worker-17: Building] INFO  o.e.m.c.i.embedder.EclipseLogger - skip non existing resourceDirectory C:\Users\sande\Desktop\Capstone\Claim-Academy-Capstone\StreamGear.Live\StreamGear.WebParent\StreamGear.Frontend\src\test\resources
2021-09-03 17:37:05,788 [Worker-19: Launching Executing install in C__Users_sande_Desktop_Capstone_Claim-Academy-Capstone_StreamGear.Live] INFO  o.e.m.i.launch.MavenLaunchDelegate - C:\Users\sande\Desktop\Capstone\Claim-Academy-Capstone\StreamGear.Live
2021-09-03 17:37:05,789 [Worker-19: Launching Executing install in C__Users_sande_Desktop_Capstone_Claim-Academy-Capstone_StreamGear.Live] INFO  o.e.m.i.launch.MavenLaunchDelegate -  mvn -B install -Dstyle.color=always
2021-09-03 17:37:09,088 [Worker-17: Building] INFO  o.e.m.c.i.embedder.EclipseLogger - Using 'UTF-8' encoding to copy filtered resources.
2021-09-03 17:37:09,089 [Worker-17: Building] INFO  o.e.m.c.i.embedder.EclipseLogger - Using 'UTF-8' encoding to copy filtered properties files.
2021-09-03 17:37:09,089 [Worker-17: Building] INFO  o.e.m.c.i.embedder.EclipseLogger - Copying 0 resource
2021-09-03 17:37:09,090 [Worker-17: Building] INFO  o.e.m.c.i.embedder.EclipseLogger - Copying 0 resource
2021-09-03 17:37:09,092 [Worker-17: Building] INFO  o.e.m.c.i.embedder.EclipseLogger - Using 'UTF-8' encoding to copy filtered resources.
2021-09-03 17:37:09,092 [Worker-17: Building] INFO  o.e.m.c.i.embedder.EclipseLogger - Using 'UTF-8' encoding to copy filtered properties files.
2021-09-03 17:37:09,092 [Worker-17: Building] INFO  o.e.m.c.i.embedder.EclipseLogger - skip non existing resourceDirectory C:\Users\sande\Desktop\Capstone\Claim-Academy-Capstone\StreamGear.Live\StreamGear.WebParent\StreamGear.Backend\src\test\resources
2021-09-03 17:37:09,108 [Worker-17: Building] INFO  o.e.m.c.i.embedder.EclipseLogger - Using 'UTF-8' encoding to copy filtered resources.
2021-09-03 17:37:09,108 [Worker-17: Building] INFO  o.e.m.c.i.embedder.EclipseLogger - Using 'UTF-8' encoding to copy filtered properties files.
2021-09-03 17:37:09,109 [Worker-17: Building] INFO  o.e.m.c.i.embedder.EclipseLogger - Copying 0 resource
2021-09-03 17:37:09,109 [Worker-17: Building] INFO  o.e.m.c.i.embedder.EclipseLogger - Copying 0 resource
2021-09-03 17:37:09,111 [Worker-17: Building] INFO  o.e.m.c.i.embedder.EclipseLogger - Using 'UTF-8' encoding to copy filtered resources.
2021-09-03 17:37:09,111 [Worker-17: Building] INFO  o.e.m.c.i.embedder.EclipseLogger - Using 'UTF-8' encoding to copy filtered properties files.
2021-09-03 17:37:09,112 [Worker-17: Building] INFO  o.e.m.c.i.embedder.EclipseLogger - skip non existing resourceDirectory C:\Users\sande\Desktop\Capstone\Claim-Academy-Capstone\StreamGear.Live\StreamGear.Common\src\test\resources
2021-09-03 17:37:09,123 [Worker-17: Building] INFO  o.e.m.c.i.embedder.EclipseLogger - Using 'UTF-8' encoding to copy filtered resources.
2021-09-03 17:37:09,123 [Worker-17: Building] INFO  o.e.m.c.i.embedder.EclipseLogger - Using 'UTF-8' encoding to copy filtered properties files.
2021-09-03 17:37:09,123 [Worker-17: Building] INFO  o.e.m.c.i.embedder.EclipseLogger - Copying 0 resource
2021-09-03 17:37:09,123 [Worker-17: Building] INFO  o.e.m.c.i.embedder.EclipseLogger - Copying 0 resource
2021-09-03 17:37:09,124 [Worker-17: Building] INFO  o.e.m.c.i.embedder.EclipseLogger - Using 'UTF-8' encoding to copy filtered resources.
2021-09-03 17:37:09,124 [Worker-17: Building] INFO  o.e.m.c.i.embedder.EclipseLogger - Using 'UTF-8' encoding to copy filtered properties files.
2021-09-03 17:37:09,124 [Worker-17: Building] INFO  o.e.m.c.i.embedder.EclipseLogger - skip non existing resourceDirectory C:\Users\sande\Desktop\Capstone\Claim-Academy-Capstone\StreamGear.Live\StreamGear.WebParent\StreamGear.Frontend\src\test\resources
